<?xml version="1.0" encoding="UTF-8"?>
<!--
  ~ AnnoAutoGrader
  ~ Copyright (c) 2019, Dan S. Wallach, Rice University
  ~ Available subject to the Apache 2.0 License
  -->

<testsuite name="edu.rice.tree.TreeToListLaziness" tests="3" skipped="0" failures="0" errors="0" timestamp="2019-03-29T14:20:35" hostname="bunsen-honeydew.cs.rice.edu" time="0.17">
  <properties/>
  <testcase name="equivalentMethods()" classname="edu.rice.tree.TreeToListLaziness" time="0.146"/>
  <testcase name="testLazinessViaRunCount()" classname="edu.rice.tree.TreeToListLaziness" time="0.022"/>
  <testcase name="testLazinessViaToString()" classname="edu.rice.tree.TreeToListLaziness" time="0.0"/>
  <system-out><![CDATA[]]></system-out>
  <system-err><![CDATA[]]></system-err>
</testsuite>
