<?xml version="1.0" encoding="UTF-8"?>
<!--
  ~ AnnoAutoGrader
  ~ Copyright (c) 2019, Dan S. Wallach, Rice University
  ~ Available subject to the Apache 2.0 License
  -->

<testsuite name="edu.rice.week10covariance.CarsAndLensesTest" tests="1" skipped="0" failures="0" errors="0" timestamp="2019-03-29T14:20:37" hostname="bunsen-honeydew.cs.rice.edu" time="0.0">
  <properties/>
  <testcase name="bondDB5Test()" classname="edu.rice.week10covariance.CarsAndLensesTest" time="0.0"/>
  <system-out><![CDATA[]]></system-out>
  <system-err><![CDATA[]]></system-err>
</testsuite>
