<?xml version="1.0" encoding="UTF-8"?>
<testsuite name="edu.rice.util.DoubleTrouble" tests="1" skipped="0" failures="0" errors="0" timestamp="2019-03-25T15:11:14" hostname="bunsen-honeydew.cs.rice.edu" time="0.001">
  <properties/>
  <testcase name="assertSameVsAssertEqualVsDoubleEquals()" classname="edu.rice.util.DoubleTrouble" time="0.001"/>
  <system-out><![CDATA[]]></system-out>
  <system-err><![CDATA[]]></system-err>
</testsuite>
