<?xml version="1.0" encoding="UTF-8"?>
<!--
  ~ AnnoAutoGrader
  ~ Copyright (c) 2019, Dan S. Wallach, Rice University
  ~ Available subject to the Apache 2.0 License
  -->

<testsuite name="edu.rice.week3subsets.SubsetsTest" tests="2" skipped="0" failures="0" errors="0" timestamp="2019-03-29T14:20:41" hostname="bunsen-honeydew.cs.rice.edu" time="0.003">
  <properties/>
  <testcase name="subsetsEmptyWeek3()" classname="edu.rice.week3subsets.SubsetsTest" time="0.002"/>
  <testcase name="subsetsFiveWeek3()" classname="edu.rice.week3subsets.SubsetsTest" time="0.001"/>
  <system-out><![CDATA[]]></system-out>
  <system-err><![CDATA[]]></system-err>
</testsuite>
