<?xml version="1.0" encoding="UTF-8"?>
<!--
  ~ RiceChecks
  ~ Copyright (c) 2019, Dan S. Wallach, Rice University
  ~ Available subject to the Apache 2.0 License
  -->

<testsuite name="edu.rice.week1hangman.HangmanTest" tests="3" skipped="0" failures="0" errors="0" timestamp="2019-03-29T14:20:36" hostname="bunsen-honeydew.cs.rice.edu" time="0.003">
  <properties/>
  <testcase name="testGuessLetter()" classname="edu.rice.week1hangman.HangmanTest" time="0.001"/>
  <testcase name="testAddLetter()" classname="edu.rice.week1hangman.HangmanTest" time="0.0"/>
  <testcase name="testLetterPresent()" classname="edu.rice.week1hangman.HangmanTest" time="0.0"/>
  <system-out><![CDATA[]]></system-out>
  <system-err><![CDATA[]]></system-err>
</testsuite>
