<?xml version="1.0" encoding="UTF-8"?>
<testsuite name="edu.rice.prettypictures.RgbColorTest" tests="8" skipped="0" failures="0" errors="0" timestamp="2019-03-25T15:11:21" hostname="bunsen-honeydew.cs.rice.edu" time="0.033">
  <properties/>
  <testcase name="consistentColorListDouble()" classname="edu.rice.prettypictures.RgbColorTest" time="0.003"/>
  <testcase name="testToRgb()" classname="edu.rice.prettypictures.RgbColorTest" time="0.0"/>
  <testcase name="testToString()" classname="edu.rice.prettypictures.RgbColorTest" time="0.0"/>
  <testcase name="testFromJson()" classname="edu.rice.prettypictures.RgbColorTest" time="0.002"/>
  <testcase name="consistentColorPackedInt()" classname="edu.rice.prettypictures.RgbColorTest" time="0.001"/>
  <testcase name="consistentColorHexDigits()" classname="edu.rice.prettypictures.RgbColorTest" time="0.012"/>
  <testcase name="testMakers()" classname="edu.rice.prettypictures.RgbColorTest" time="0.0"/>
  <testcase name="consistentColorListJson()" classname="edu.rice.prettypictures.RgbColorTest" time="0.013"/>
  <system-out><![CDATA[]]></system-out>
  <system-err><![CDATA[]]></system-err>
</testsuite>
