<?xml version="1.0" encoding="UTF-8"?>
<testsuite name="edu.rice.week2cars.ModelTest" tests="2" skipped="0" failures="0" errors="0" timestamp="2019-03-25T15:11:14" hostname="bunsen-honeydew.cs.rice.edu" time="0.003">
  <properties/>
  <testcase name="correctAverageAge()" classname="edu.rice.week2cars.ModelTest" time="0.002"/>
  <testcase name="correctAverageForEmptyGarage()" classname="edu.rice.week2cars.ModelTest" time="0.001"/>
  <system-out><![CDATA[]]></system-out>
  <system-err><![CDATA[]]></system-err>
</testsuite>
