<?xml version="1.0" encoding="UTF-8"?>
<testsuite name="edu.rice.json.LensTest" tests="5" skipped="0" failures="0" errors="0" timestamp="2019-03-25T15:11:16" hostname="bunsen-honeydew.cs.rice.edu" time="0.003">
  <properties/>
  <testcase name="basicGetterTest()" classname="edu.rice.json.LensTest" time="0.001"/>
  <testcase name="setterEditTestArray()" classname="edu.rice.json.LensTest" time="0.0"/>
  <testcase name="setterDeleteTestArray()" classname="edu.rice.json.LensTest" time="0.001"/>
  <testcase name="basicSetterTest()" classname="edu.rice.json.LensTest" time="0.0"/>
  <testcase name="setterTestObject()" classname="edu.rice.json.LensTest" time="0.001"/>
  <system-out><![CDATA[]]></system-out>
  <system-err><![CDATA[]]></system-err>
</testsuite>
