<?xml version="1.0" encoding="UTF-8"?>
<testsuite name="edu.rice.util.OptionLiftTest" tests="2" skipped="0" failures="0" errors="0" timestamp="2019-03-25T15:11:14" hostname="bunsen-honeydew.cs.rice.edu" time="0.002">
  <properties/>
  <testcase name="liftWithSomeReturnsSome()" classname="edu.rice.util.OptionLiftTest" time="0.001"/>
  <testcase name="liftWithNoneReturnsNone()" classname="edu.rice.util.OptionLiftTest" time="0.0"/>
  <system-out><![CDATA[]]></system-out>
  <system-err><![CDATA[]]></system-err>
</testsuite>
