<?xml version="1.0" encoding="UTF-8"?>
<!--
  ~ RiceChecks
  ~ Copyright (c) 2019, Dan S. Wallach, Rice University
  ~ Available subject to the Apache 2.0 License
  -->

<testsuite name="edu.rice.tree.BinaryHeapTest" tests="3" skipped="0" failures="0" errors="0" timestamp="2019-03-29T14:20:35" hostname="bunsen-honeydew.cs.rice.edu" time="0.012">
  <properties/>
  <testcase name="testFancy()" classname="edu.rice.tree.BinaryHeapTest" time="0.009"/>
  <testcase name="testBasics()" classname="edu.rice.tree.BinaryHeapTest" time="0.001"/>
  <testcase name="testEqualsAndHashcode()" classname="edu.rice.tree.BinaryHeapTest" time="0.001"/>
  <system-out><![CDATA[]]></system-out>
  <system-err><![CDATA[]]></system-err>
</testsuite>
