<?xml version="1.0" encoding="UTF-8"?>
<testsuite name="edu.rice.tree.BinaryHeapTest" tests="3" skipped="0" failures="0" errors="0" timestamp="2019-03-25T15:11:14" hostname="bunsen-honeydew.cs.rice.edu" time="0.009">
  <properties/>
  <testcase name="testFancy()" classname="edu.rice.tree.BinaryHeapTest" time="0.007"/>
  <testcase name="testBasics()" classname="edu.rice.tree.BinaryHeapTest" time="0.0"/>
  <testcase name="testEqualsAndHashcode()" classname="edu.rice.tree.BinaryHeapTest" time="0.0"/>
  <system-out><![CDATA[]]></system-out>
  <system-err><![CDATA[]]></system-err>
</testsuite>
