<?xml version="1.0" encoding="UTF-8"?>
<!--
  ~ AnnoAutoGrader
  ~ Copyright (c) 2019, Dan S. Wallach, Rice University
  ~ Available subject to the Apache 2.0 License
  -->

<testsuite name="edu.rice.week12mockito.Week12LabTest" tests="2" skipped="0" failures="0" errors="0" timestamp="2019-03-29T14:20:25" hostname="bunsen-honeydew.cs.rice.edu" time="1.087">
  <properties/>
  <testcase name="testSpyObject()" classname="edu.rice.week12mockito.Week12LabTest" time="0.998"/>
  <testcase name="testMockObject()" classname="edu.rice.week12mockito.Week12LabTest" time="0.088"/>
  <system-out><![CDATA[]]></system-out>
  <system-err><![CDATA[]]></system-err>
</testsuite>
