<?xml version="1.0" encoding="UTF-8"?>
<testsuite name="edu.rice.week4subsets.SubsetsTest" tests="5" skipped="0" failures="0" errors="0" timestamp="2019-03-29T14:20:35" hostname="bunsen-honeydew.cs.rice.edu" time="0.012">
  <properties/>
  <testcase name="subsetsListFive()" classname="edu.rice.week4subsets.SubsetsTest" time="0.003"/>
  <testcase name="subsetsStreamFive()" classname="edu.rice.week4subsets.SubsetsTest" time="0.001"/>
  <testcase name="subsetsShouldBeLazy()" classname="edu.rice.week4subsets.SubsetsTest" time="0.005"/>
  <testcase name="subsetsStreamEmpty()" classname="edu.rice.week4subsets.SubsetsTest" time="0.0"/>
  <testcase name="subsetsListEmpty()" classname="edu.rice.week4subsets.SubsetsTest" time="0.001"/>
  <system-out><![CDATA[]]></system-out>
  <system-err><![CDATA[]]></system-err>
</testsuite>
