<?xml version="1.0" encoding="UTF-8"?>
<!--
  ~ AnnoAutoGrader
  ~ Copyright (c) 2019, Dan S. Wallach, Rice University
  ~ Available subject to the Apache 2.0 License
  -->

<testsuite name="edu.rice.week10covariance.CarExamplesTest" tests="3" skipped="0" failures="0" errors="0" timestamp="2019-03-29T14:20:37" hostname="bunsen-honeydew.cs.rice.edu" time="0.007">
  <properties/>
  <testcase name="testConvertToPorsche911MechA()" classname="edu.rice.week10covariance.CarExamplesTest" time="0.004"/>
  <testcase name="testConvertToPorsche911MechB()" classname="edu.rice.week10covariance.CarExamplesTest" time="0.001"/>
  <testcase name="testCountChevys()" classname="edu.rice.week10covariance.CarExamplesTest" time="0.0"/>
  <system-out><![CDATA[]]></system-out>
  <system-err><![CDATA[]]></system-err>
</testsuite>
