<?xml version="1.0" encoding="UTF-8"?>
<testsuite name="edu.rice.github.EventsApiTests" tests="1" skipped="0" failures="0" errors="0" timestamp="2019-03-25T15:11:16" hostname="bunsen-honeydew.cs.rice.edu" time="0.137">
  <properties/>
  <testcase name="readKnownGoodEvents()" classname="edu.rice.github.EventsApiTests" time="0.137"/>
  <system-out><![CDATA[]]></system-out>
  <system-err><![CDATA[]]></system-err>
</testsuite>
