<?xml version="1.0" encoding="UTF-8"?>
<testsuite name="edu.rice.json.ScannerTest" tests="6" skipped="0" failures="0" errors="0" timestamp="2019-03-29T14:20:37" hostname="bunsen-honeydew.cs.rice.edu" time="0.024">
  <properties/>
  <testcase name="veryLongStringsShouldStillWork()" classname="edu.rice.json.ScannerTest" time="0.002"/>
  <testcase name="testJsonBadExamples()" classname="edu.rice.json.ScannerTest" time="0.017"/>
  <testcase name="malformedNulls()" classname="edu.rice.json.ScannerTest" time="0.001"/>
  <testcase name="malformedNumbers()" classname="edu.rice.json.ScannerTest" time="0.001"/>
  <testcase name="testJsonExamples()" classname="edu.rice.json.ScannerTest" time="0.001"/>
  <testcase name="zeroDotZeroDotZero()" classname="edu.rice.json.ScannerTest" time="0.0"/>
  <system-out><![CDATA[2019-03-29 09:20:37,533 [Test worker] ?[34mINFO ?[0;39m ?[36mScannerTest?[0;39m - Testing scanning of non-compliant JSON tokens: expect logs of failures! 
]]></system-out>
  <system-err><![CDATA[]]></system-err>
</testsuite>
