<?xml version="1.0" encoding="UTF-8"?>
<!--
  ~ RiceChecks
  ~ Copyright (c) 2019, Dan S. Wallach, Rice University
  ~ Available subject to the Apache 2.0 License
  -->

<testsuite name="edu.rice.json.LensTest" tests="5" skipped="0" failures="0" errors="0" timestamp="2019-03-29T14:20:38" hostname="bunsen-honeydew.cs.rice.edu" time="0.005">
  <properties/>
  <testcase name="basicGetterTest()" classname="edu.rice.json.LensTest" time="0.001"/>
  <testcase name="setterEditTestArray()" classname="edu.rice.json.LensTest" time="0.001"/>
  <testcase name="setterDeleteTestArray()" classname="edu.rice.json.LensTest" time="0.001"/>
  <testcase name="basicSetterTest()" classname="edu.rice.json.LensTest" time="0.001"/>
  <testcase name="setterTestObject()" classname="edu.rice.json.LensTest" time="0.001"/>
  <system-out><![CDATA[]]></system-out>
  <system-err><![CDATA[]]></system-err>
</testsuite>
