<?xml version="1.0" encoding="UTF-8"?>
<testsuite name="edu.rice.vavr.VavrHelperTests" tests="5" skipped="0" failures="0" errors="0" timestamp="2019-03-29T14:20:37" hostname="bunsen-honeydew.cs.rice.edu" time="0.011">
  <properties/>
  <testcase name="testSeqIsSorted()" classname="edu.rice.vavr.VavrHelperTests" time="0.0"/>
  <testcase name="testUpdateList()" classname="edu.rice.vavr.VavrHelperTests" time="0.005"/>
  <testcase name="testTryWithNulls()" classname="edu.rice.vavr.VavrHelperTests" time="0.003"/>
  <testcase name="testIteratorToSeq()" classname="edu.rice.vavr.VavrHelperTests" time="0.002"/>
  <testcase name="testSeqNth()" classname="edu.rice.vavr.VavrHelperTests" time="0.0"/>
  <system-out><![CDATA[]]></system-out>
  <system-err><![CDATA[]]></system-err>
</testsuite>
