<?xml version="1.0" encoding="UTF-8"?>
<testsuite name="edu.rice.week10covariance.CarsAndLensesTest" tests="1" skipped="0" failures="0" errors="0" timestamp="2019-03-25T15:11:16" hostname="bunsen-honeydew.cs.rice.edu" time="0.001">
  <properties/>
  <testcase name="bondDB5Test()" classname="edu.rice.week10covariance.CarsAndLensesTest" time="0.001"/>
  <system-out><![CDATA[]]></system-out>
  <system-err><![CDATA[]]></system-err>
</testsuite>
