<?xml version="1.0" encoding="UTF-8"?>
<!--
  ~ RiceChecks
  ~ Copyright (c) 2019, Dan S. Wallach, Rice University
  ~ Available subject to the Apache 2.0 License
  -->

<testsuite name="edu.rice.cparser.SexprTest" tests="11" skipped="0" failures="0" errors="0" timestamp="2019-03-29T14:20:39" hostname="bunsen-honeydew.cs.rice.edu" time="0.649">
  <properties/>
  <testcase name="testToSexprValue()[1]" classname="edu.rice.cparser.SexprTest" time="0.003"/>
  <testcase name="testToSexprValue()[2]" classname="edu.rice.cparser.SexprTest" time="0.001"/>
  <testcase name="testToSexprValue()[3]" classname="edu.rice.cparser.SexprTest" time="0.001"/>
  <testcase name="testToSexprValue()[4]" classname="edu.rice.cparser.SexprTest" time="0.001"/>
  <testcase name="testToSexprValue()[5]" classname="edu.rice.cparser.SexprTest" time="0.0"/>
  <testcase name="testToSexprValue()[6]" classname="edu.rice.cparser.SexprTest" time="0.001"/>
  <testcase name="testToSexprValue()[7]" classname="edu.rice.cparser.SexprTest" time="0.001"/>
  <testcase name="testToSexprValue()[8]" classname="edu.rice.cparser.SexprTest" time="0.0"/>
  <testcase name="testRandomSexpressionsParseCorrectly()" classname="edu.rice.cparser.SexprTest" time="0.637"/>
  <testcase name="testBasics()" classname="edu.rice.cparser.SexprTest" time="0.001"/>
  <testcase name="testDeeper()" classname="edu.rice.cparser.SexprTest" time="0.0"/>
  <system-out><![CDATA[2019-03-29 09:20:39,065 [Test worker] ?[1;31mERROR?[0;39m ?[36mSexprParser?[0;39m - tokens remaining in the stream after end of the s-expression; parser failure 
2019-03-29 09:20:39,066 [Test worker] ?[1;31mERROR?[0;39m ?[36mSexprParser?[0;39m - tokens remaining in the stream after end of the s-expression; parser failure 
]]></system-out>
  <system-err><![CDATA[]]></system-err>
</testsuite>
