<?xml version="1.0" encoding="UTF-8"?>
<!--
  ~ AnnoAutoGrader
  ~ Copyright (c) 2019, Dan S. Wallach, Rice University
  ~ Available subject to the Apache 2.0 License
  -->

<testsuite name="edu.rice.rpn.InfixCalculatorTest" tests="26" skipped="0" failures="0" errors="0" timestamp="2019-03-29T14:20:36" hostname="bunsen-honeydew.cs.rice.edu" time="0.157">
  <properties/>
  <testcase name="leftAssociativity()" classname="edu.rice.rpn.InfixCalculatorTest" time="0.053"/>
  <testcase name="equivalentExpressionsAreEqual()" classname="edu.rice.rpn.InfixCalculatorTest" time="0.021"/>
  <testcase name="noWhitespaceHandledProperly()" classname="edu.rice.rpn.InfixCalculatorTest" time="0.005"/>
  <testcase name="variableAssignment()" classname="edu.rice.rpn.InfixCalculatorTest" time="0.023"/>
  <testcase name="badExpressionsFail()[1]" classname="edu.rice.rpn.InfixCalculatorTest" time="0.002"/>
  <testcase name="badExpressionsFail()[2]" classname="edu.rice.rpn.InfixCalculatorTest" time="0.001"/>
  <testcase name="badExpressionsFail()[3]" classname="edu.rice.rpn.InfixCalculatorTest" time="0.001"/>
  <testcase name="badExpressionsFail()[4]" classname="edu.rice.rpn.InfixCalculatorTest" time="0.002"/>
  <testcase name="badExpressionsFail()[5]" classname="edu.rice.rpn.InfixCalculatorTest" time="0.002"/>
  <testcase name="badExpressionsFail()[6]" classname="edu.rice.rpn.InfixCalculatorTest" time="0.003"/>
  <testcase name="badExpressionsFail()[7]" classname="edu.rice.rpn.InfixCalculatorTest" time="0.001"/>
  <testcase name="badExpressionsFail()[8]" classname="edu.rice.rpn.InfixCalculatorTest" time="0.001"/>
  <testcase name="badExpressionsFail()[9]" classname="edu.rice.rpn.InfixCalculatorTest" time="0.001"/>
  <testcase name="badExpressionsFail()[10]" classname="edu.rice.rpn.InfixCalculatorTest" time="0.002"/>
  <testcase name="badExpressionsFail()[11]" classname="edu.rice.rpn.InfixCalculatorTest" time="0.002"/>
  <testcase name="badExpressionsFail()[12]" classname="edu.rice.rpn.InfixCalculatorTest" time="0.001"/>
  <testcase name="badExpressionsFail()[13]" classname="edu.rice.rpn.InfixCalculatorTest" time="0.001"/>
  <testcase name="badExpressionsFail()[14]" classname="edu.rice.rpn.InfixCalculatorTest" time="0.001"/>
  <testcase name="badExpressionsFail()[15]" classname="edu.rice.rpn.InfixCalculatorTest" time="0.001"/>
  <testcase name="badExpressionsFail()[16]" classname="edu.rice.rpn.InfixCalculatorTest" time="0.002"/>
  <testcase name="badExpressionsFail()[17]" classname="edu.rice.rpn.InfixCalculatorTest" time="0.002"/>
  <testcase name="badExpressionsFail()[18]" classname="edu.rice.rpn.InfixCalculatorTest" time="0.001"/>
  <testcase name="badExpressionsFail()[19]" classname="edu.rice.rpn.InfixCalculatorTest" time="0.001"/>
  <testcase name="badExpressionsFail()[20]" classname="edu.rice.rpn.InfixCalculatorTest" time="0.001"/>
  <testcase name="operatorPrecedence()" classname="edu.rice.rpn.InfixCalculatorTest" time="0.009"/>
  <testcase name="handlingNaN()" classname="edu.rice.rpn.InfixCalculatorTest" time="0.006"/>
  <system-out><![CDATA[2019-03-29 09:20:36,447 [Test worker] ?[34mINFO ?[0;39m ?[36mInfixCalculator?[0;39m - ["-", ["-", 2, 3], 4] --> -5.0 
2019-03-29 09:20:36,450 [Test worker] ?[34mINFO ?[0;39m ?[36mInfixCalculator?[0;39m - ["-", ["-", 2, 3], 4] --> -5.0 
2019-03-29 09:20:36,451 [Test worker] ?[34mINFO ?[0;39m ?[36mInfixCalculator?[0;39m - ["/", ["/", 2, 4], 2] --> 0.25 
2019-03-29 09:20:36,453 [Test worker] ?[34mINFO ?[0;39m ?[36mInfixCalculator?[0;39m - ["/", ["/", 2, 4], 2] --> 0.25 
2019-03-29 09:20:36,478 [Test worker] ?[34mINFO ?[0;39m ?[36mInfixCalculator?[0;39m - ["+", ["+", 2, -3], -4] --> -5.0 
2019-03-29 09:20:36,480 [Test worker] ?[34mINFO ?[0;39m ?[36mInfixCalculator?[0;39m - ["+", ["+", 2, 3], 4] --> 9.0 
2019-03-29 09:20:36,481 [Test worker] ?[34mINFO ?[0;39m ?[36mInfixCalculator?[0;39m - ["+", ["+", 2, -3], -4] --> -5.0 
2019-03-29 09:20:36,483 [Test worker] ?[34mINFO ?[0;39m ?[36mInfixCalculator?[0;39m - ["+", 3, 4] --> 7.0 
2019-03-29 09:20:36,487 [Test worker] ?[34mINFO ?[0;39m ?[36mInfixCalculator?[0;39m - ["assign", "x", 3] --> 3.0 
2019-03-29 09:20:36,488 [Test worker] ?[34mINFO ?[0;39m ?[36mInfixCalculator?[0;39m - "x" --> 3.0 
2019-03-29 09:20:36,490 [Test worker] ?[34mINFO ?[0;39m ?[36mInfixCalculator?[0;39m - ["+", 3, "x"] --> 6.0 
2019-03-29 09:20:36,492 [Test worker] ?[34mINFO ?[0;39m ?[36mInfixCalculator?[0;39m - ["assign", "x", ["+", 3, "x"]] --> 6.0 
2019-03-29 09:20:36,493 [Test worker] ?[34mINFO ?[0;39m ?[36mInfixCalculator?[0;39m - "x" --> 6.0 
2019-03-29 09:20:36,495 [Test worker] ?[34mINFO ?[0;39m ?[36mInfixCalculator?[0;39m - "y" --> Undefined 
2019-03-29 09:20:36,496 [Test worker] ?[34mINFO ?[0;39m ?[36mInfixCalculator?[0;39m - ["+", 3, "y"] --> Undefined 
2019-03-29 09:20:36,498 [Test worker] ?[34mINFO ?[0;39m ?[36mInfixCalculator?[0;39m - ["assign", "z", ["+", 3, "y"]] --> Undefined 
2019-03-29 09:20:36,499 [Test worker] ?[34mINFO ?[0;39m ?[36mInfixCalculator?[0;39m - "z" --> Undefined 
2019-03-29 09:20:36,500 [Test worker] ?[34mINFO ?[0;39m ?[36mInfixCalculator?[0;39m - "x" --> 6.0 
2019-03-29 09:20:36,501 [Test worker] ?[34mINFO ?[0;39m ?[36mInfixCalculator?[0;39m - "y" --> Undefined 
2019-03-29 09:20:36,503 [Test worker] ?[34mINFO ?[0;39m ?[36mInfixCalculator?[0;39m - ["assign", "x", "y"] --> Undefined 
2019-03-29 09:20:36,504 [Test worker] ?[34mINFO ?[0;39m ?[36mInfixCalculator?[0;39m - "x" --> Undefined 
2019-03-29 09:20:36,505 [Test worker] ?[34mINFO ?[0;39m ?[36mInfixCalculatorTest?[0;39m - Testing bad inputs, expect logs of parse failures! 
2019-03-29 09:20:36,508 [Test worker] ?[34mINFO ?[0;39m ?[36mInfixCalculator?[0;39m - Parse failure! 
2019-03-29 09:20:36,509 [Test worker] ?[34mINFO ?[0;39m ?[36mInfixCalculator?[0;39m - Parse failure! 
2019-03-29 09:20:36,510 [Test worker] ?[34mINFO ?[0;39m ?[36mInfixCalculator?[0;39m - Parse failure! 
2019-03-29 09:20:36,512 [Test worker] ?[34mINFO ?[0;39m ?[36mInfixCalculator?[0;39m - Parse failure! 
2019-03-29 09:20:36,514 [Test worker] ?[34mINFO ?[0;39m ?[36mInfixCalculator?[0;39m - Parse failure! 
2019-03-29 09:20:36,517 [Test worker] ?[34mINFO ?[0;39m ?[36mInfixCalculator?[0;39m - Parse failure! 
2019-03-29 09:20:36,519 [Test worker] ?[34mINFO ?[0;39m ?[36mInfixCalculator?[0;39m - Parse failure! 
2019-03-29 09:20:36,521 [Test worker] ?[34mINFO ?[0;39m ?[36mInfixCalculator?[0;39m - Parse failure! 
2019-03-29 09:20:36,522 [Test worker] ?[34mINFO ?[0;39m ?[36mInfixCalculator?[0;39m - Parse failure! 
2019-03-29 09:20:36,524 [Test worker] ?[34mINFO ?[0;39m ?[36mInfixCalculator?[0;39m - Parse failure! 
2019-03-29 09:20:36,526 [Test worker] ?[34mINFO ?[0;39m ?[36mInfixCalculator?[0;39m - Parse failure! 
2019-03-29 09:20:36,528 [Test worker] ?[34mINFO ?[0;39m ?[36mInfixCalculator?[0;39m - Parse failure! 
2019-03-29 09:20:36,530 [Test worker] ?[34mINFO ?[0;39m ?[36mInfixCalculator?[0;39m - Parse failure! 
2019-03-29 09:20:36,532 [Test worker] ?[34mINFO ?[0;39m ?[36mInfixCalculator?[0;39m - Parse failure! 
2019-03-29 09:20:36,533 [Test worker] ?[34mINFO ?[0;39m ?[36mInfixCalculator?[0;39m - Parse failure! 
2019-03-29 09:20:36,535 [Test worker] ?[34mINFO ?[0;39m ?[36mInfixCalculator?[0;39m - Parse failure! 
2019-03-29 09:20:36,537 [Test worker] ?[34mINFO ?[0;39m ?[36mInfixCalculator?[0;39m - Parse failure! 
2019-03-29 09:20:36,539 [Test worker] ?[34mINFO ?[0;39m ?[36mInfixCalculator?[0;39m - Parse failure! 
2019-03-29 09:20:36,541 [Test worker] ?[34mINFO ?[0;39m ?[36mInfixCalculator?[0;39m - Parse failure! 
2019-03-29 09:20:36,542 [Test worker] ?[34mINFO ?[0;39m ?[36mInfixCalculator?[0;39m - Parse failure! 
2019-03-29 09:20:36,545 [Test worker] ?[34mINFO ?[0;39m ?[36mInfixCalculator?[0;39m - ["+", 3, ["*", 4, 5]] --> 23.0 
2019-03-29 09:20:36,546 [Test worker] ?[34mINFO ?[0;39m ?[36mInfixCalculator?[0;39m - ["+", ["*", 3, 4], 5] --> 17.0 
2019-03-29 09:20:36,548 [Test worker] ?[34mINFO ?[0;39m ?[36mInfixCalculator?[0;39m - ["*", 3, ["+", 4, 5]] --> 27.0 
2019-03-29 09:20:36,551 [Test worker] ?[34mINFO ?[0;39m ?[36mInfixCalculator?[0;39m - ["*", ["+", 3, 4], 5] --> 35.0 
2019-03-29 09:20:36,553 [Test worker] ?[34mINFO ?[0;39m ?[36mInfixCalculator?[0;39m - ["assign", "x", 3] --> 3.0 
2019-03-29 09:20:36,554 [Test worker] ?[34mINFO ?[0;39m ?[36mInfixCalculator?[0;39m - "x" --> 3.0 
2019-03-29 09:20:36,556 [Test worker] ?[34mINFO ?[0;39m ?[36mInfixCalculator?[0;39m - ["assign", "x", ["/", 3, 0]] --> Undefined 
2019-03-29 09:20:36,557 [Test worker] ?[34mINFO ?[0;39m ?[36mInfixCalculator?[0;39m - "x" --> Undefined 
]]></system-out>
  <system-err><![CDATA[]]></system-err>
</testsuite>
