<?xml version="1.0" encoding="UTF-8"?>
<testsuite name="edu.rice.lens.TimeExample" tests="1" skipped="0" failures="0" errors="0" timestamp="2019-03-29T14:20:37" hostname="bunsen-honeydew.cs.rice.edu" time="0.001">
  <properties/>
  <testcase name="timeTest()" classname="edu.rice.lens.TimeExample" time="0.001"/>
  <system-out><![CDATA[]]></system-out>
  <system-err><![CDATA[]]></system-err>
</testsuite>
