<?xml version="1.0" encoding="UTF-8"?>
<testsuite name="edu.rice.json.BuildersTest" tests="2" skipped="0" failures="0" errors="0" timestamp="2019-03-29T14:20:37" hostname="bunsen-honeydew.cs.rice.edu" time="0.001">
  <properties/>
  <testcase name="listBuilderAndVarargsBuilderSameResult()" classname="edu.rice.json.BuildersTest" time="0.001"/>
  <testcase name="jsonVsJavaStringSameResults()" classname="edu.rice.json.BuildersTest" time="0.0"/>
  <system-out><![CDATA[]]></system-out>
  <system-err><![CDATA[]]></system-err>
</testsuite>
