<?xml version="1.0" encoding="UTF-8"?>
<testsuite name="edu.rice.json.ScannerTestPrivate" tests="159" skipped="0" failures="0" errors="0" timestamp="2019-03-29T14:20:37" hostname="bunsen-honeydew.cs.rice.edu" time="0.045">
  <properties/>
  <testcase name="testStringOfOtherTokens()" classname="edu.rice.json.ScannerTestPrivate" time="0.001"/>
  <testcase name="wholeLotOfTests()[1]" classname="edu.rice.json.ScannerTestPrivate" time="0.001"/>
  <testcase name="wholeLotOfTests()[2]" classname="edu.rice.json.ScannerTestPrivate" time="0.0"/>
  <testcase name="wholeLotOfTests()[3]" classname="edu.rice.json.ScannerTestPrivate" time="0.0"/>
  <testcase name="wholeLotOfTests()[4]" classname="edu.rice.json.ScannerTestPrivate" time="0.0"/>
  <testcase name="wholeLotOfTests()[5]" classname="edu.rice.json.ScannerTestPrivate" time="0.0"/>
  <testcase name="wholeLotOfTests()[6]" classname="edu.rice.json.ScannerTestPrivate" time="0.0"/>
  <testcase name="wholeLotOfTests()[7]" classname="edu.rice.json.ScannerTestPrivate" time="0.0"/>
  <testcase name="wholeLotOfTests()[8]" classname="edu.rice.json.ScannerTestPrivate" time="0.0"/>
  <testcase name="wholeLotOfTests()[9]" classname="edu.rice.json.ScannerTestPrivate" time="0.0"/>
  <testcase name="wholeLotOfTests()[10]" classname="edu.rice.json.ScannerTestPrivate" time="0.0"/>
  <testcase name="wholeLotOfTests()[11]" classname="edu.rice.json.ScannerTestPrivate" time="0.0"/>
  <testcase name="wholeLotOfTests()[12]" classname="edu.rice.json.ScannerTestPrivate" time="0.0"/>
  <testcase name="wholeLotOfTests()[13]" classname="edu.rice.json.ScannerTestPrivate" time="0.0"/>
  <testcase name="wholeLotOfTests()[14]" classname="edu.rice.json.ScannerTestPrivate" time="0.0"/>
  <testcase name="wholeLotOfTests()[15]" classname="edu.rice.json.ScannerTestPrivate" time="0.0"/>
  <testcase name="wholeLotOfTests()[16]" classname="edu.rice.json.ScannerTestPrivate" time="0.0"/>
  <testcase name="wholeLotOfTests()[17]" classname="edu.rice.json.ScannerTestPrivate" time="0.0"/>
  <testcase name="wholeLotOfTests()[18]" classname="edu.rice.json.ScannerTestPrivate" time="0.0"/>
  <testcase name="wholeLotOfTests()[19]" classname="edu.rice.json.ScannerTestPrivate" time="0.0"/>
  <testcase name="wholeLotOfTests()[20]" classname="edu.rice.json.ScannerTestPrivate" time="0.0"/>
  <testcase name="wholeLotOfTests()[21]" classname="edu.rice.json.ScannerTestPrivate" time="0.0"/>
  <testcase name="wholeLotOfTests()[22]" classname="edu.rice.json.ScannerTestPrivate" time="0.0"/>
  <testcase name="wholeLotOfTests()[23]" classname="edu.rice.json.ScannerTestPrivate" time="0.0"/>
  <testcase name="wholeLotOfTests()[24]" classname="edu.rice.json.ScannerTestPrivate" time="0.001"/>
  <testcase name="wholeLotOfTests()[25]" classname="edu.rice.json.ScannerTestPrivate" time="0.0"/>
  <testcase name="wholeLotOfTests()[26]" classname="edu.rice.json.ScannerTestPrivate" time="0.0"/>
  <testcase name="wholeLotOfTests()[27]" classname="edu.rice.json.ScannerTestPrivate" time="0.0"/>
  <testcase name="wholeLotOfTests()[28]" classname="edu.rice.json.ScannerTestPrivate" time="0.0"/>
  <testcase name="wholeLotOfTests()[29]" classname="edu.rice.json.ScannerTestPrivate" time="0.0"/>
  <testcase name="wholeLotOfTests()[30]" classname="edu.rice.json.ScannerTestPrivate" time="0.0"/>
  <testcase name="wholeLotOfTests()[31]" classname="edu.rice.json.ScannerTestPrivate" time="0.0"/>
  <testcase name="wholeLotOfTests()[32]" classname="edu.rice.json.ScannerTestPrivate" time="0.0"/>
  <testcase name="wholeLotOfTests()[33]" classname="edu.rice.json.ScannerTestPrivate" time="0.001"/>
  <testcase name="wholeLotOfTests()[34]" classname="edu.rice.json.ScannerTestPrivate" time="0.0"/>
  <testcase name="wholeLotOfTests()[35]" classname="edu.rice.json.ScannerTestPrivate" time="0.0"/>
  <testcase name="wholeLotOfTests()[36]" classname="edu.rice.json.ScannerTestPrivate" time="0.0"/>
  <testcase name="wholeLotOfTests()[37]" classname="edu.rice.json.ScannerTestPrivate" time="0.001"/>
  <testcase name="wholeLotOfTests()[38]" classname="edu.rice.json.ScannerTestPrivate" time="0.0"/>
  <testcase name="wholeLotOfTests()[39]" classname="edu.rice.json.ScannerTestPrivate" time="0.0"/>
  <testcase name="wholeLotOfTests()[40]" classname="edu.rice.json.ScannerTestPrivate" time="0.0"/>
  <testcase name="wholeLotOfTests()[41]" classname="edu.rice.json.ScannerTestPrivate" time="0.0"/>
  <testcase name="wholeLotOfTests()[42]" classname="edu.rice.json.ScannerTestPrivate" time="0.001"/>
  <testcase name="wholeLotOfTests()[43]" classname="edu.rice.json.ScannerTestPrivate" time="0.0"/>
  <testcase name="wholeLotOfTests()[44]" classname="edu.rice.json.ScannerTestPrivate" time="0.0"/>
  <testcase name="wholeLotOfTests()[45]" classname="edu.rice.json.ScannerTestPrivate" time="0.0"/>
  <testcase name="wholeLotOfTests()[46]" classname="edu.rice.json.ScannerTestPrivate" time="0.0"/>
  <testcase name="wholeLotOfTests()[47]" classname="edu.rice.json.ScannerTestPrivate" time="0.0"/>
  <testcase name="wholeLotOfTests()[48]" classname="edu.rice.json.ScannerTestPrivate" time="0.0"/>
  <testcase name="wholeLotOfTests()[49]" classname="edu.rice.json.ScannerTestPrivate" time="0.0"/>
  <testcase name="wholeLotOfTests()[50]" classname="edu.rice.json.ScannerTestPrivate" time="0.001"/>
  <testcase name="wholeLotOfTests()[51]" classname="edu.rice.json.ScannerTestPrivate" time="0.0"/>
  <testcase name="wholeLotOfTests()[52]" classname="edu.rice.json.ScannerTestPrivate" time="0.0"/>
  <testcase name="wholeLotOfTests()[53]" classname="edu.rice.json.ScannerTestPrivate" time="0.0"/>
  <testcase name="wholeLotOfTests()[54]" classname="edu.rice.json.ScannerTestPrivate" time="0.0"/>
  <testcase name="wholeLotOfTests()[55]" classname="edu.rice.json.ScannerTestPrivate" time="0.0"/>
  <testcase name="wholeLotOfTests()[56]" classname="edu.rice.json.ScannerTestPrivate" time="0.0"/>
  <testcase name="wholeLotOfTests()[57]" classname="edu.rice.json.ScannerTestPrivate" time="0.0"/>
  <testcase name="wholeLotOfTests()[58]" classname="edu.rice.json.ScannerTestPrivate" time="0.0"/>
  <testcase name="wholeLotOfTests()[59]" classname="edu.rice.json.ScannerTestPrivate" time="0.0"/>
  <testcase name="wholeLotOfTests()[60]" classname="edu.rice.json.ScannerTestPrivate" time="0.0"/>
  <testcase name="wholeLotOfTests()[61]" classname="edu.rice.json.ScannerTestPrivate" time="0.0"/>
  <testcase name="wholeLotOfTests()[62]" classname="edu.rice.json.ScannerTestPrivate" time="0.0"/>
  <testcase name="wholeLotOfTests()[63]" classname="edu.rice.json.ScannerTestPrivate" time="0.0"/>
  <testcase name="wholeLotOfTests()[64]" classname="edu.rice.json.ScannerTestPrivate" time="0.0"/>
  <testcase name="wholeLotOfTests()[65]" classname="edu.rice.json.ScannerTestPrivate" time="0.0"/>
  <testcase name="wholeLotOfTests()[66]" classname="edu.rice.json.ScannerTestPrivate" time="0.0"/>
  <testcase name="wholeLotOfTests()[67]" classname="edu.rice.json.ScannerTestPrivate" time="0.001"/>
  <testcase name="wholeLotOfTests()[68]" classname="edu.rice.json.ScannerTestPrivate" time="0.0"/>
  <testcase name="wholeLotOfTests()[69]" classname="edu.rice.json.ScannerTestPrivate" time="0.0"/>
  <testcase name="wholeLotOfTests()[70]" classname="edu.rice.json.ScannerTestPrivate" time="0.0"/>
  <testcase name="wholeLotOfTests()[71]" classname="edu.rice.json.ScannerTestPrivate" time="0.0"/>
  <testcase name="wholeLotOfTests()[72]" classname="edu.rice.json.ScannerTestPrivate" time="0.0"/>
  <testcase name="wholeLotOfTests()[73]" classname="edu.rice.json.ScannerTestPrivate" time="0.0"/>
  <testcase name="wholeLotOfTests()[74]" classname="edu.rice.json.ScannerTestPrivate" time="0.0"/>
  <testcase name="wholeLotOfTests()[75]" classname="edu.rice.json.ScannerTestPrivate" time="0.0"/>
  <testcase name="wholeLotOfTests()[76]" classname="edu.rice.json.ScannerTestPrivate" time="0.0"/>
  <testcase name="wholeLotOfTests()[77]" classname="edu.rice.json.ScannerTestPrivate" time="0.0"/>
  <testcase name="wholeLotOfTests()[78]" classname="edu.rice.json.ScannerTestPrivate" time="0.0"/>
  <testcase name="wholeLotOfTests()[79]" classname="edu.rice.json.ScannerTestPrivate" time="0.0"/>
  <testcase name="wholeLotOfTests()[80]" classname="edu.rice.json.ScannerTestPrivate" time="0.0"/>
  <testcase name="wholeLotOfTests()[81]" classname="edu.rice.json.ScannerTestPrivate" time="0.0"/>
  <testcase name="wholeLotOfTests()[82]" classname="edu.rice.json.ScannerTestPrivate" time="0.0"/>
  <testcase name="wholeLotOfTests()[83]" classname="edu.rice.json.ScannerTestPrivate" time="0.0"/>
  <testcase name="wholeLotOfTests()[84]" classname="edu.rice.json.ScannerTestPrivate" time="0.0"/>
  <testcase name="wholeLotOfTests()[85]" classname="edu.rice.json.ScannerTestPrivate" time="0.0"/>
  <testcase name="wholeLotOfTests()[86]" classname="edu.rice.json.ScannerTestPrivate" time="0.0"/>
  <testcase name="wholeLotOfTests()[87]" classname="edu.rice.json.ScannerTestPrivate" time="0.0"/>
  <testcase name="wholeLotOfTests()[88]" classname="edu.rice.json.ScannerTestPrivate" time="0.0"/>
  <testcase name="wholeLotOfTests()[89]" classname="edu.rice.json.ScannerTestPrivate" time="0.0"/>
  <testcase name="wholeLotOfTests()[90]" classname="edu.rice.json.ScannerTestPrivate" time="0.001"/>
  <testcase name="wholeLotOfTests()[91]" classname="edu.rice.json.ScannerTestPrivate" time="0.0"/>
  <testcase name="wholeLotOfTests()[92]" classname="edu.rice.json.ScannerTestPrivate" time="0.0"/>
  <testcase name="wholeLotOfTests()[93]" classname="edu.rice.json.ScannerTestPrivate" time="0.0"/>
  <testcase name="wholeLotOfTests()[94]" classname="edu.rice.json.ScannerTestPrivate" time="0.0"/>
  <testcase name="wholeLotOfTests()[95]" classname="edu.rice.json.ScannerTestPrivate" time="0.0"/>
  <testcase name="wholeLotOfTests()[96]" classname="edu.rice.json.ScannerTestPrivate" time="0.0"/>
  <testcase name="wholeLotOfTests()[97]" classname="edu.rice.json.ScannerTestPrivate" time="0.001"/>
  <testcase name="wholeLotOfTests()[98]" classname="edu.rice.json.ScannerTestPrivate" time="0.0"/>
  <testcase name="wholeLotOfTests()[99]" classname="edu.rice.json.ScannerTestPrivate" time="0.0"/>
  <testcase name="wholeLotOfTests()[100]" classname="edu.rice.json.ScannerTestPrivate" time="0.0"/>
  <testcase name="wholeLotOfTests()[101]" classname="edu.rice.json.ScannerTestPrivate" time="0.0"/>
  <testcase name="wholeLotOfTests()[102]" classname="edu.rice.json.ScannerTestPrivate" time="0.0"/>
  <testcase name="wholeLotOfTests()[103]" classname="edu.rice.json.ScannerTestPrivate" time="0.0"/>
  <testcase name="wholeLotOfTests()[104]" classname="edu.rice.json.ScannerTestPrivate" time="0.0"/>
  <testcase name="wholeLotOfTests()[105]" classname="edu.rice.json.ScannerTestPrivate" time="0.0"/>
  <testcase name="wholeLotOfTests()[106]" classname="edu.rice.json.ScannerTestPrivate" time="0.0"/>
  <testcase name="wholeLotOfTests()[107]" classname="edu.rice.json.ScannerTestPrivate" time="0.0"/>
  <testcase name="wholeLotOfTests()[108]" classname="edu.rice.json.ScannerTestPrivate" time="0.0"/>
  <testcase name="wholeLotOfTests()[109]" classname="edu.rice.json.ScannerTestPrivate" time="0.0"/>
  <testcase name="wholeLotOfTests()[110]" classname="edu.rice.json.ScannerTestPrivate" time="0.0"/>
  <testcase name="wholeLotOfTests()[111]" classname="edu.rice.json.ScannerTestPrivate" time="0.0"/>
  <testcase name="wholeLotOfTests()[112]" classname="edu.rice.json.ScannerTestPrivate" time="0.0"/>
  <testcase name="wholeLotOfTests()[113]" classname="edu.rice.json.ScannerTestPrivate" time="0.0"/>
  <testcase name="wholeLotOfTests()[114]" classname="edu.rice.json.ScannerTestPrivate" time="0.0"/>
  <testcase name="wholeLotOfTests()[115]" classname="edu.rice.json.ScannerTestPrivate" time="0.001"/>
  <testcase name="wholeLotOfTests()[116]" classname="edu.rice.json.ScannerTestPrivate" time="0.0"/>
  <testcase name="wholeLotOfTests()[117]" classname="edu.rice.json.ScannerTestPrivate" time="0.0"/>
  <testcase name="wholeLotOfTests()[118]" classname="edu.rice.json.ScannerTestPrivate" time="0.0"/>
  <testcase name="wholeLotOfTests()[119]" classname="edu.rice.json.ScannerTestPrivate" time="0.0"/>
  <testcase name="wholeLotOfTests()[120]" classname="edu.rice.json.ScannerTestPrivate" time="0.0"/>
  <testcase name="wholeLotOfTests()[121]" classname="edu.rice.json.ScannerTestPrivate" time="0.0"/>
  <testcase name="wholeLotOfTests()[122]" classname="edu.rice.json.ScannerTestPrivate" time="0.0"/>
  <testcase name="wholeLotOfTests()[123]" classname="edu.rice.json.ScannerTestPrivate" time="0.0"/>
  <testcase name="wholeLotOfTests()[124]" classname="edu.rice.json.ScannerTestPrivate" time="0.0"/>
  <testcase name="wholeLotOfTests()[125]" classname="edu.rice.json.ScannerTestPrivate" time="0.0"/>
  <testcase name="wholeLotOfTests()[126]" classname="edu.rice.json.ScannerTestPrivate" time="0.0"/>
  <testcase name="wholeLotOfTests()[127]" classname="edu.rice.json.ScannerTestPrivate" time="0.0"/>
  <testcase name="wholeLotOfTests()[128]" classname="edu.rice.json.ScannerTestPrivate" time="0.001"/>
  <testcase name="wholeLotOfTests()[129]" classname="edu.rice.json.ScannerTestPrivate" time="0.0"/>
  <testcase name="wholeLotOfTests()[130]" classname="edu.rice.json.ScannerTestPrivate" time="0.0"/>
  <testcase name="wholeLotOfTests()[131]" classname="edu.rice.json.ScannerTestPrivate" time="0.0"/>
  <testcase name="wholeLotOfTests()[132]" classname="edu.rice.json.ScannerTestPrivate" time="0.0"/>
  <testcase name="wholeLotOfTests()[133]" classname="edu.rice.json.ScannerTestPrivate" time="0.0"/>
  <testcase name="wholeLotOfTests()[134]" classname="edu.rice.json.ScannerTestPrivate" time="0.0"/>
  <testcase name="wholeLotOfTests()[135]" classname="edu.rice.json.ScannerTestPrivate" time="0.0"/>
  <testcase name="wholeLotOfTests()[136]" classname="edu.rice.json.ScannerTestPrivate" time="0.0"/>
  <testcase name="wholeLotOfTests()[137]" classname="edu.rice.json.ScannerTestPrivate" time="0.0"/>
  <testcase name="wholeLotOfTests()[138]" classname="edu.rice.json.ScannerTestPrivate" time="0.0"/>
  <testcase name="wholeLotOfTests()[139]" classname="edu.rice.json.ScannerTestPrivate" time="0.0"/>
  <testcase name="wholeLotOfTests()[140]" classname="edu.rice.json.ScannerTestPrivate" time="0.0"/>
  <testcase name="wholeLotOfTests()[141]" classname="edu.rice.json.ScannerTestPrivate" time="0.0"/>
  <testcase name="wholeLotOfTests()[142]" classname="edu.rice.json.ScannerTestPrivate" time="0.0"/>
  <testcase name="wholeLotOfTests()[143]" classname="edu.rice.json.ScannerTestPrivate" time="0.0"/>
  <testcase name="wholeLotOfTests()[144]" classname="edu.rice.json.ScannerTestPrivate" time="0.0"/>
  <testcase name="wholeLotOfTests()[145]" classname="edu.rice.json.ScannerTestPrivate" time="0.0"/>
  <testcase name="wholeLotOfTests()[146]" classname="edu.rice.json.ScannerTestPrivate" time="0.0"/>
  <testcase name="wholeLotOfTests()[147]" classname="edu.rice.json.ScannerTestPrivate" time="0.0"/>
  <testcase name="wholeLotOfTests()[148]" classname="edu.rice.json.ScannerTestPrivate" time="0.0"/>
  <testcase name="wholeLotOfTests()[149]" classname="edu.rice.json.ScannerTestPrivate" time="0.0"/>
  <testcase name="wholeLotOfTests()[150]" classname="edu.rice.json.ScannerTestPrivate" time="0.0"/>
  <testcase name="wholeLotOfTests()[151]" classname="edu.rice.json.ScannerTestPrivate" time="0.0"/>
  <testcase name="wholeLotOfTests()[152]" classname="edu.rice.json.ScannerTestPrivate" time="0.0"/>
  <testcase name="wholeLotOfTests()[153]" classname="edu.rice.json.ScannerTestPrivate" time="0.0"/>
  <testcase name="wholeLotOfTests()[154]" classname="edu.rice.json.ScannerTestPrivate" time="0.0"/>
  <testcase name="testIllegalEscapeStrings()" classname="edu.rice.json.ScannerTestPrivate" time="0.001"/>
  <testcase name="testLegalEscapeStrings()" classname="edu.rice.json.ScannerTestPrivate" time="0.001"/>
  <testcase name="testSimpleNumbers()" classname="edu.rice.json.ScannerTestPrivate" time="0.001"/>
  <testcase name="testSimpleStrings()" classname="edu.rice.json.ScannerTestPrivate" time="0.0"/>
  <system-out><![CDATA[2019-03-29 09:20:37,558 [Test worker] ?[1;31mERROR?[0;39m ?[36mScannerTestPrivate?[0;39m - about to run many malformed JSON tests; expect many logged errors 
]]></system-out>
  <system-err><![CDATA[]]></system-err>
</testsuite>
