<?xml version="1.0" encoding="UTF-8"?>
<!--
  ~ RiceChecks
  ~ Copyright (c) 2019, Dan S. Wallach, Rice University
  ~ Available subject to the Apache 2.0 License
  -->

<testsuite name="edu.rice.json.ParserTest" tests="11" skipped="0" failures="0" errors="0" timestamp="2019-03-29T14:20:38" hostname="bunsen-honeydew.cs.rice.edu" time="0.025">
  <properties/>
  <testcase name="buildersEquivalentToParser()" classname="edu.rice.json.ParserTest" time="0.001"/>
  <testcase name="expectedIndentation()" classname="edu.rice.json.ParserTest" time="0.0"/>
  <testcase name="jsonObjectsParseCorrectly()" classname="edu.rice.json.ParserTest" time="0.001"/>
  <testcase name="successfulParseOfBasicObject()" classname="edu.rice.json.ParserTest" time="0.001"/>
  <testcase name="simpleParserNullProductionTest()" classname="edu.rice.json.ParserTest" time="0.001"/>
  <testcase name="failedParseOfCorruptBasicObject()" classname="edu.rice.json.ParserTest" time="0.001"/>
  <testcase name="successfulParseOfBigObject()" classname="edu.rice.json.ParserTest" time="0.007"/>
  <testcase name="arraysParseCorrectly()" classname="edu.rice.json.ParserTest" time="0.002"/>
  <testcase name="escapedSlashesHandledCorrectly()" classname="edu.rice.json.ParserTest" time="0.001"/>
  <testcase name="deleteCharacterShouldBeEscaped()" classname="edu.rice.json.ParserTest" time="0.0"/>
  <testcase name="valueMatchCanFilterNumbers()" classname="edu.rice.json.ParserTest" time="0.005"/>
  <system-out><![CDATA[2019-03-29 09:20:38,299 [Test worker] ?[34mINFO ?[0;39m ?[36mParserTest?[0;39m - Testing parsing of non-compliant JSON values: expect logs of failures! 
2019-03-29 09:20:38,303 [Test worker] ?[34mINFO ?[0;39m ?[36mParserTest?[0;39m - Testing parsing of non-compliant JSON arrays: expect logs of failures! 
2019-03-29 09:20:38,304 [Test worker] ?[1;31mERROR?[0;39m ?[36mJsonParsers?[0;39m - tokens remaining after parsing was complete; parser failure 
2019-03-29 09:20:38,312 [Test worker] ?[34mINFO ?[0;39m ?[36mParserTest?[0;39m - Testing parsing of non-compliant JSON arrays: expect logs of failures! 
2019-03-29 09:20:38,313 [Test worker] ?[1;31mERROR?[0;39m ?[36mJsonParsers?[0;39m - tokens remaining after parsing was complete; parser failure 
]]></system-out>
  <system-err><![CDATA[]]></system-err>
</testsuite>
