<?xml version="1.0" encoding="UTF-8"?>
<!--
  ~ RiceChecks
  ~ Copyright (c) 2019, Dan S. Wallach, Rice University
  ~ Available subject to the Apache 2.0 License
  -->

<testsuite name="edu.rice.week3lists.GListTest" tests="9" skipped="0" failures="0" errors="0" timestamp="2019-03-29T14:20:37" hostname="bunsen-honeydew.cs.rice.edu" time="0.006">
  <properties/>
  <testcase name="nestedFilterExpressionsUsingLexicalScope()" classname="edu.rice.week3lists.GListTest" time="0.0"/>
  <testcase name="headOfEmptyListFails()" classname="edu.rice.week3lists.GListTest" time="0.0"/>
  <testcase name="stackOrderingForAddAndTail()" classname="edu.rice.week3lists.GListTest" time="0.0"/>
  <testcase name="listContainsForPresentAndAbsentValues()" classname="edu.rice.week3lists.GListTest" time="0.001"/>
  <testcase name="filteringEvenNumbersFromAListOfNumbers()" classname="edu.rice.week3lists.GListTest" time="0.001"/>
  <testcase name="testFoldlRollingAccAvg()" classname="edu.rice.week3lists.GListTest" time="0.001"/>
  <testcase name="emptyListBehavesNormally()" classname="edu.rice.week3lists.GListTest" time="0.0"/>
  <testcase name="listOfEquivalentToPrepending()" classname="edu.rice.week3lists.GListTest" time="0.0"/>
  <testcase name="stackOrderingForToString()" classname="edu.rice.week3lists.GListTest" time="0.0"/>
  <system-out><![CDATA[]]></system-out>
  <system-err><![CDATA[]]></system-err>
</testsuite>
