<?xml version="1.0" encoding="UTF-8"?>
<testsuite name="edu.rice.image.ImagesTest" tests="2" skipped="0" failures="0" errors="0" timestamp="2019-03-25T15:11:16" hostname="bunsen-honeydew.cs.rice.edu" time="0.138">
  <properties/>
  <testcase name="riceLogoPixelsAreTheRightColors()" classname="edu.rice.image.ImagesTest" time="0.092"/>
  <testcase name="readingAndWritingOrangeSquares()" classname="edu.rice.image.ImagesTest" time="0.046"/>
  <system-out><![CDATA[]]></system-out>
  <system-err><![CDATA[]]></system-err>
</testsuite>
