<?xml version="1.0" encoding="UTF-8"?>
<testsuite name="edu.rice.week10covariance.Week10LabTest" tests="2" skipped="0" failures="0" errors="0" timestamp="2019-03-25T15:11:16" hostname="bunsen-honeydew.cs.rice.edu" time="0.003">
  <properties/>
  <testcase name="testFindSameYear()" classname="edu.rice.week10covariance.Week10LabTest" time="0.001"/>
  <testcase name="testFindAndApply()" classname="edu.rice.week10covariance.Week10LabTest" time="0.002"/>
  <system-out><![CDATA[]]></system-out>
  <system-err><![CDATA[]]></system-err>
</testsuite>
