<?xml version="1.0" encoding="UTF-8"?>
<!--
  ~ AnnoAutoGrader
  ~ Copyright (c) 2019, Dan S. Wallach, Rice University
  ~ Available subject to the Apache 2.0 License
  -->

<testsuite name="edu.rice.week3lists.Week3Filters" tests="3" skipped="0" failures="0" errors="0" timestamp="2019-03-29T14:20:37" hostname="bunsen-honeydew.cs.rice.edu" time="0.006">
  <properties/>
  <testcase name="testStringLengthBetweenFiveAndTen()" classname="edu.rice.week3lists.Week3Filters" time="0.004"/>
  <testcase name="testNonNegativeNumbers()" classname="edu.rice.week3lists.Week3Filters" time="0.001"/>
  <testcase name="testLetterCAppearsAnywhereBeforeLetterA()" classname="edu.rice.week3lists.Week3Filters" time="0.001"/>
  <system-out><![CDATA[]]></system-out>
  <system-err><![CDATA[]]></system-err>
</testsuite>
