<?xml version="1.0" encoding="UTF-8"?>
<!--
  ~ AnnoAutoGrader
  ~ Copyright (c) 2019, Dan S. Wallach, Rice University
  ~ Available subject to the Apache 2.0 License
  -->

<testsuite name="edu.rice.week5sorting.HeapSorterTest" tests="2" skipped="0" failures="0" errors="0" timestamp="2019-03-29T14:20:39" hostname="bunsen-honeydew.cs.rice.edu" time="0.387">
  <properties/>
  <testcase name="basicSortingSameAsVavr()" classname="edu.rice.week5sorting.HeapSorterTest" time="0.146"/>
  <testcase name="sortingWithComparatorSameAsVavr()" classname="edu.rice.week5sorting.HeapSorterTest" time="0.241"/>
  <system-out><![CDATA[]]></system-out>
  <system-err><![CDATA[]]></system-err>
</testsuite>
