<?xml version="1.0" encoding="UTF-8"?>
<!--
  ~ AnnoAutoGrader
  ~ Copyright (c) 2019, Dan S. Wallach, Rice University
  ~ Available subject to the Apache 2.0 License
  -->

<testsuite name="edu.rice.json.ValueTheories" tests="5" skipped="0" failures="0" errors="0" timestamp="2019-03-29T14:20:37" hostname="bunsen-honeydew.cs.rice.edu" time="0.514">
  <properties/>
  <testcase name="numbersParseCorrectly()" classname="edu.rice.json.ValueTheories" time="0.102"/>
  <testcase name="jsonStringEqualityAndEscapingWork()" classname="edu.rice.json.ValueTheories" time="0.025"/>
  <testcase name="scanJsonTokenizesWithoutFail()" classname="edu.rice.json.ValueTheories" time="0.149"/>
  <testcase name="jsonToStringAndBackAgain()" classname="edu.rice.json.ValueTheories" time="0.217"/>
  <testcase name="stringsParseCorrectly()" classname="edu.rice.json.ValueTheories" time="0.021"/>
  <system-out><![CDATA[]]></system-out>
  <system-err><![CDATA[]]></system-err>
</testsuite>
