<?xml version="1.0" encoding="UTF-8"?>
<testsuite name="edu.rice.week3subsets.SubsetsTest" tests="2" skipped="0" failures="0" errors="0" timestamp="2019-03-25T15:11:20" hostname="bunsen-honeydew.cs.rice.edu" time="0.001">
  <properties/>
  <testcase name="subsetsEmptyWeek3()" classname="edu.rice.week3subsets.SubsetsTest" time="0.001"/>
  <testcase name="subsetsFiveWeek3()" classname="edu.rice.week3subsets.SubsetsTest" time="0.0"/>
  <system-out><![CDATA[]]></system-out>
  <system-err><![CDATA[]]></system-err>
</testsuite>
