<?xml version="1.0" encoding="UTF-8"?>
<!--
  ~ AnnoAutoGrader
  ~ Copyright (c) 2019, Dan S. Wallach, Rice University
  ~ Available subject to the Apache 2.0 License
  -->

<testsuite name="edu.rice.tree.TreePerformance" tests="5" skipped="0" failures="0" errors="0" timestamp="2019-03-29T14:20:30" hostname="bunsen-honeydew.cs.rice.edu" time="4.328">
  <properties/>
  <testcase name="testRedBlackTree()" classname="edu.rice.tree.TreePerformance" time="1.24"/>
  <testcase name="testTreap()" classname="edu.rice.tree.TreePerformance" time="1.482"/>
  <testcase name="testHamt()" classname="edu.rice.tree.TreePerformance" time="0.823"/>
  <testcase name="testJavaTree()" classname="edu.rice.tree.TreePerformance" time="0.393"/>
  <testcase name="testJavaHashSet()" classname="edu.rice.tree.TreePerformance" time="0.387"/>
  <system-out><![CDATA[2019-03-29 09:20:27,484 [Test worker] ?[34mINFO ?[0;39m ?[36mTreePerformance?[0;39m - Computing seq test sequence, size = 100000 
2019-03-29 09:20:29,945 [Test worker] ?[34mINFO ?[0;39m ?[36mTreePerformance?[0;39m - Computing fail test sequence, size = 100000 
================== testing VAVR TreeSet with 100000 elements ==================
Insertion time    :        2.654 µs / element
Success query time:        0.693 µs / element
Failure query time:        0.877 µs / element
Range time        :    42679.297 µs / query
Removal time      :        2.187 µs / element
================== testing Comp215 Treap with 100000 elements ==================
Insertion time    :        2.427 µs / element
Success query time:        1.300 µs / element
Failure query time:        1.098 µs / element
Range time        :       14.381 µs / query
Removal time      :        0.854 µs / element
================== testing VAVR HAMT    with 100000 elements ==================
Insertion time    :        0.475 µs / element
Success query time:        0.286 µs / element
Failure query time:        0.426 µs / element
Range time        :    33647.837 µs / query
Removal time      :        1.244 µs / element
================== testing Java TreeSet with 100000 elements ==================
Insertion time    :        0.740 µs / element
Success query time:        0.816 µs / element
Failure query time:        0.621 µs / element
Range time        :       68.828 µs / query
Removal time      :        0.512 µs / element
================== testing Java HashSet with 100000 elements ==================
Insertion time    :        0.175 µs / element
Success query time:        0.128 µs / element
Failure query time:        0.110 µs / element
Range time        :    12480.102 µs / query
Removal time      :        0.130 µs / element
]]></system-out>
  <system-err><![CDATA[]]></system-err>
</testsuite>
