<?xml version="1.0" encoding="UTF-8"?>
<testsuite name="edu.rice.week2lists.MListTest" tests="1" skipped="0" failures="0" errors="0" timestamp="2019-03-25T15:11:17" hostname="bunsen-honeydew.cs.rice.edu" time="0.002">
  <properties/>
  <testcase name="testBasics()" classname="edu.rice.week2lists.MListTest" time="0.002"/>
  <system-out><![CDATA[]]></system-out>
  <system-err><![CDATA[]]></system-err>
</testsuite>
