<?xml version="1.0" encoding="UTF-8"?>
<testsuite name="edu.rice.image.ImagesTest" tests="2" skipped="0" failures="0" errors="0" timestamp="2019-03-29T14:20:37" hostname="bunsen-honeydew.cs.rice.edu" time="0.143">
  <properties/>
  <testcase name="riceLogoPixelsAreTheRightColors()" classname="edu.rice.image.ImagesTest" time="0.094"/>
  <testcase name="readingAndWritingOrangeSquares()" classname="edu.rice.image.ImagesTest" time="0.049"/>
  <system-out><![CDATA[]]></system-out>
  <system-err><![CDATA[]]></system-err>
</testsuite>
