<?xml version="1.0" encoding="UTF-8"?>
<testsuite name="edu.rice.week5sorting.HeapSorterTest" tests="2" skipped="0" failures="0" errors="0" timestamp="2019-03-25T15:11:18" hostname="bunsen-honeydew.cs.rice.edu" time="0.256">
  <properties/>
  <testcase name="basicSortingSameAsVavr()" classname="edu.rice.week5sorting.HeapSorterTest" time="0.133"/>
  <testcase name="sortingWithComparatorSameAsVavr()" classname="edu.rice.week5sorting.HeapSorterTest" time="0.123"/>
  <system-out><![CDATA[]]></system-out>
  <system-err><![CDATA[]]></system-err>
</testsuite>
