<?xml version="1.0" encoding="UTF-8"?>
<testsuite name="edu.rice.week2cars.DreamGarageTest" tests="3" skipped="0" failures="0" errors="0" timestamp="2019-03-25T15:11:14" hostname="bunsen-honeydew.cs.rice.edu" time="0.002">
  <properties/>
  <testcase name="ferrariMostPopularForDreamGarage()" classname="edu.rice.week2cars.DreamGarageTest" time="0.001"/>
  <testcase name="correctFrequencyCountsForEmptyGarage()" classname="edu.rice.week2cars.DreamGarageTest" time="0.0"/>
  <testcase name="correctFrequencyCountsForDreamGarage()" classname="edu.rice.week2cars.DreamGarageTest" time="0.0"/>
  <system-out><![CDATA[]]></system-out>
  <system-err><![CDATA[]]></system-err>
</testsuite>
