<?xml version="1.0" encoding="UTF-8"?>
<!--
  ~ RiceChecks
  ~ Copyright (c) 2019, Dan S. Wallach, Rice University
  ~ Available subject to the Apache 2.0 License
  -->

<testsuite name="edu.rice.stream.StreamHelpersTest" tests="8" skipped="0" failures="0" errors="0" timestamp="2019-03-29T14:20:35" hostname="bunsen-honeydew.cs.rice.edu" time="0.425">
  <properties/>
  <testcase name="testMapToIterator()" classname="edu.rice.stream.StreamHelpersTest" time="0.0"/>
  <testcase name="testSetToIterator()" classname="edu.rice.stream.StreamHelpersTest" time="0.0"/>
  <testcase name="testSetToStream()" classname="edu.rice.stream.StreamHelpersTest" time="0.002"/>
  <testcase name="testListToStream()" classname="edu.rice.stream.StreamHelpersTest" time="0.001"/>
  <testcase name="testParallelSpeedup()" classname="edu.rice.stream.StreamHelpersTest" time="0.416"/>
  <testcase name="testListLaziness()" classname="edu.rice.stream.StreamHelpersTest" time="0.001"/>
  <testcase name="testMapToStream()" classname="edu.rice.stream.StreamHelpersTest" time="0.002"/>
  <testcase name="testListToIterator()" classname="edu.rice.stream.StreamHelpersTest" time="0.001"/>
  <system-out><![CDATA[Parallel speedup tests! Number of available CPUs: 12
=========== List vs. Stream performance (listLength = 1000, hashRepeats = 1) =========== 
 regular List      :   6.351 μs per hash
 sequential stream :   7.514 μs per hash
 parallel stream   :  11.258 μs per hash
 par-array stream  :  10.952 μs per hash
PARALLEL  STREAM SPEEDUP: 0.667x
PAR-ARRAY STREAM SPEEDUP: 0.686x
=========== List vs. Stream performance (listLength = 1000, hashRepeats = 10) =========== 
 regular List      :  34.512 μs per hash
 sequential stream :  12.351 μs per hash
 parallel stream   :   3.960 μs per hash
 par-array stream  :   3.123 μs per hash
PARALLEL  STREAM SPEEDUP: 3.119x
PAR-ARRAY STREAM SPEEDUP: 3.955x
=========== List vs. Stream performance (listLength = 1000, hashRepeats = 100) =========== 
 regular List      :  58.306 μs per hash
 sequential stream :  49.908 μs per hash
 parallel stream   :   9.203 μs per hash
 par-array stream  :   8.846 μs per hash
PARALLEL  STREAM SPEEDUP: 5.423x
PAR-ARRAY STREAM SPEEDUP: 5.642x
=========== List vs. Stream performance (listLength = 100, hashRepeats = 1000) =========== 
 regular List      : 450.731 μs per hash
 sequential stream : 453.134 μs per hash
 parallel stream   :  84.036 μs per hash
 par-array stream  :  83.036 μs per hash
PARALLEL  STREAM SPEEDUP: 5.392x
PAR-ARRAY STREAM SPEEDUP: 5.457x
]]></system-out>
  <system-err><![CDATA[]]></system-err>
</testsuite>
