<?xml version="1.0" encoding="UTF-8"?>
<!--
  ~ RiceChecks
  ~ Copyright (c) 2019, Dan S. Wallach, Rice University
  ~ Available subject to the Apache 2.0 License
  -->

<testsuite name="edu.rice.prettypictures.TestGenesWeek3Test" tests="2" skipped="0" failures="0" errors="0" timestamp="2019-03-29T14:20:43" hostname="bunsen-honeydew.cs.rice.edu" time="0.021">
  <properties/>
  <testcase name="testMutants()" classname="edu.rice.prettypictures.TestGenesWeek3Test" time="0.017"/>
  <testcase name="testCrossBreeds()" classname="edu.rice.prettypictures.TestGenesWeek3Test" time="0.004"/>
  <system-out><![CDATA[2019-03-29 09:20:43,232 [Test worker] ?[34mINFO ?[0;39m ?[36mTestGenesWeek2?[0;39m - Found 47 test genes 
2019-03-29 09:20:43,248 [Test worker] ?[34mINFO ?[0;39m ?[36mTestGenesWeek2?[0;39m - Found 47 test genes 
]]></system-out>
  <system-err><![CDATA[]]></system-err>
</testsuite>
