<?xml version="1.0" encoding="UTF-8"?>
<!--
  ~ RiceChecks
  ~ Copyright (c) 2019, Dan S. Wallach, Rice University
  ~ Available subject to the Apache 2.0 License
  -->

<testsuite name="edu.rice.json.ParserTestPrivate" tests="435" skipped="0" failures="0" errors="0" timestamp="2019-03-29T14:20:38" hostname="bunsen-honeydew.cs.rice.edu" time="0.136">
  <properties/>
  <testcase name="testObjects()[1]" classname="edu.rice.json.ParserTestPrivate" time="0.0"/>
  <testcase name="testObjects()[2]" classname="edu.rice.json.ParserTestPrivate" time="0.0"/>
  <testcase name="testObjects()[3]" classname="edu.rice.json.ParserTestPrivate" time="0.0"/>
  <testcase name="testObjects()[4]" classname="edu.rice.json.ParserTestPrivate" time="0.0"/>
  <testcase name="testObjects()[5]" classname="edu.rice.json.ParserTestPrivate" time="0.0"/>
  <testcase name="testObjects()[6]" classname="edu.rice.json.ParserTestPrivate" time="0.0"/>
  <testcase name="testObjects()[7]" classname="edu.rice.json.ParserTestPrivate" time="0.0"/>
  <testcase name="testObjects()[8]" classname="edu.rice.json.ParserTestPrivate" time="0.0"/>
  <testcase name="testObjects()[9]" classname="edu.rice.json.ParserTestPrivate" time="0.001"/>
  <testcase name="testObjects()[10]" classname="edu.rice.json.ParserTestPrivate" time="0.0"/>
  <testcase name="testObjects()[11]" classname="edu.rice.json.ParserTestPrivate" time="0.0"/>
  <testcase name="testObjects()[12]" classname="edu.rice.json.ParserTestPrivate" time="0.0"/>
  <testcase name="testObjects()[13]" classname="edu.rice.json.ParserTestPrivate" time="0.0"/>
  <testcase name="testObjects()[14]" classname="edu.rice.json.ParserTestPrivate" time="0.0"/>
  <testcase name="testObjects()[15]" classname="edu.rice.json.ParserTestPrivate" time="0.0"/>
  <testcase name="testObjects()[16]" classname="edu.rice.json.ParserTestPrivate" time="0.0"/>
  <testcase name="testObjects()[17]" classname="edu.rice.json.ParserTestPrivate" time="0.0"/>
  <testcase name="testObjects()[18]" classname="edu.rice.json.ParserTestPrivate" time="0.0"/>
  <testcase name="testObjects()[19]" classname="edu.rice.json.ParserTestPrivate" time="0.0"/>
  <testcase name="testObjects()[20]" classname="edu.rice.json.ParserTestPrivate" time="0.0"/>
  <testcase name="testObjects()[21]" classname="edu.rice.json.ParserTestPrivate" time="0.0"/>
  <testcase name="testObjects()[22]" classname="edu.rice.json.ParserTestPrivate" time="0.001"/>
  <testcase name="testObjects()[23]" classname="edu.rice.json.ParserTestPrivate" time="0.0"/>
  <testcase name="testObjects()[24]" classname="edu.rice.json.ParserTestPrivate" time="0.0"/>
  <testcase name="testObjects()[25]" classname="edu.rice.json.ParserTestPrivate" time="0.001"/>
  <testcase name="testObjects()[26]" classname="edu.rice.json.ParserTestPrivate" time="0.0"/>
  <testcase name="testObjects()[27]" classname="edu.rice.json.ParserTestPrivate" time="0.0"/>
  <testcase name="testObjects()[28]" classname="edu.rice.json.ParserTestPrivate" time="0.0"/>
  <testcase name="testObjects()[29]" classname="edu.rice.json.ParserTestPrivate" time="0.0"/>
  <testcase name="testObjects()[30]" classname="edu.rice.json.ParserTestPrivate" time="0.0"/>
  <testcase name="testObjects()[31]" classname="edu.rice.json.ParserTestPrivate" time="0.0"/>
  <testcase name="testObjects()[32]" classname="edu.rice.json.ParserTestPrivate" time="0.0"/>
  <testcase name="testObjects()[33]" classname="edu.rice.json.ParserTestPrivate" time="0.0"/>
  <testcase name="testObjects()[34]" classname="edu.rice.json.ParserTestPrivate" time="0.0"/>
  <testcase name="testObjects()[35]" classname="edu.rice.json.ParserTestPrivate" time="0.0"/>
  <testcase name="testObjects()[36]" classname="edu.rice.json.ParserTestPrivate" time="0.0"/>
  <testcase name="testObjects()[37]" classname="edu.rice.json.ParserTestPrivate" time="0.0"/>
  <testcase name="testObjects()[38]" classname="edu.rice.json.ParserTestPrivate" time="0.0"/>
  <testcase name="testObjects()[39]" classname="edu.rice.json.ParserTestPrivate" time="0.0"/>
  <testcase name="testObjects()[40]" classname="edu.rice.json.ParserTestPrivate" time="0.0"/>
  <testcase name="testObjects()[41]" classname="edu.rice.json.ParserTestPrivate" time="0.0"/>
  <testcase name="testObjects()[42]" classname="edu.rice.json.ParserTestPrivate" time="0.0"/>
  <testcase name="testObjects()[43]" classname="edu.rice.json.ParserTestPrivate" time="0.0"/>
  <testcase name="testObjects()[44]" classname="edu.rice.json.ParserTestPrivate" time="0.0"/>
  <testcase name="testObjects()[45]" classname="edu.rice.json.ParserTestPrivate" time="0.0"/>
  <testcase name="testObjects()[46]" classname="edu.rice.json.ParserTestPrivate" time="0.0"/>
  <testcase name="testObjects()[47]" classname="edu.rice.json.ParserTestPrivate" time="0.0"/>
  <testcase name="testObjects()[48]" classname="edu.rice.json.ParserTestPrivate" time="0.0"/>
  <testcase name="testObjects()[49]" classname="edu.rice.json.ParserTestPrivate" time="0.0"/>
  <testcase name="testObjects()[50]" classname="edu.rice.json.ParserTestPrivate" time="0.001"/>
  <testcase name="testObjects()[51]" classname="edu.rice.json.ParserTestPrivate" time="0.0"/>
  <testcase name="testObjects()[52]" classname="edu.rice.json.ParserTestPrivate" time="0.001"/>
  <testcase name="testObjects()[53]" classname="edu.rice.json.ParserTestPrivate" time="0.0"/>
  <testcase name="testObjects()[54]" classname="edu.rice.json.ParserTestPrivate" time="0.0"/>
  <testcase name="testObjects()[55]" classname="edu.rice.json.ParserTestPrivate" time="0.0"/>
  <testcase name="testParseArray()[1]" classname="edu.rice.json.ParserTestPrivate" time="0.001"/>
  <testcase name="testParseArray()[2]" classname="edu.rice.json.ParserTestPrivate" time="0.0"/>
  <testcase name="testParseArray()[3]" classname="edu.rice.json.ParserTestPrivate" time="0.0"/>
  <testcase name="testParseArray()[4]" classname="edu.rice.json.ParserTestPrivate" time="0.0"/>
  <testcase name="testParseArray()[5]" classname="edu.rice.json.ParserTestPrivate" time="0.001"/>
  <testcase name="testParseArray()[6]" classname="edu.rice.json.ParserTestPrivate" time="0.001"/>
  <testcase name="testParseArray()[7]" classname="edu.rice.json.ParserTestPrivate" time="0.0"/>
  <testcase name="testParseArray()[8]" classname="edu.rice.json.ParserTestPrivate" time="0.0"/>
  <testcase name="testParseArray()[9]" classname="edu.rice.json.ParserTestPrivate" time="0.0"/>
  <testcase name="testParseArray()[10]" classname="edu.rice.json.ParserTestPrivate" time="0.0"/>
  <testcase name="testParseArray()[11]" classname="edu.rice.json.ParserTestPrivate" time="0.0"/>
  <testcase name="testParseArray()[12]" classname="edu.rice.json.ParserTestPrivate" time="0.0"/>
  <testcase name="testParseArray()[13]" classname="edu.rice.json.ParserTestPrivate" time="0.0"/>
  <testcase name="testParseArray()[14]" classname="edu.rice.json.ParserTestPrivate" time="0.0"/>
  <testcase name="testParseArray()[15]" classname="edu.rice.json.ParserTestPrivate" time="0.001"/>
  <testcase name="testParseArray()[16]" classname="edu.rice.json.ParserTestPrivate" time="0.0"/>
  <testcase name="testParseArray()[17]" classname="edu.rice.json.ParserTestPrivate" time="0.0"/>
  <testcase name="testParseArray()[18]" classname="edu.rice.json.ParserTestPrivate" time="0.0"/>
  <testcase name="testParseArray()[19]" classname="edu.rice.json.ParserTestPrivate" time="0.0"/>
  <testcase name="testParseArray()[20]" classname="edu.rice.json.ParserTestPrivate" time="0.0"/>
  <testcase name="testParseArray()[21]" classname="edu.rice.json.ParserTestPrivate" time="0.0"/>
  <testcase name="testParseArray()[22]" classname="edu.rice.json.ParserTestPrivate" time="0.0"/>
  <testcase name="testParseArray()[23]" classname="edu.rice.json.ParserTestPrivate" time="0.0"/>
  <testcase name="testParseArray()[24]" classname="edu.rice.json.ParserTestPrivate" time="0.0"/>
  <testcase name="testParseArray()[25]" classname="edu.rice.json.ParserTestPrivate" time="0.0"/>
  <testcase name="testParseArray()[26]" classname="edu.rice.json.ParserTestPrivate" time="0.0"/>
  <testcase name="testParseArray()[27]" classname="edu.rice.json.ParserTestPrivate" time="0.0"/>
  <testcase name="testParseArray()[28]" classname="edu.rice.json.ParserTestPrivate" time="0.0"/>
  <testcase name="testParseArray()[29]" classname="edu.rice.json.ParserTestPrivate" time="0.0"/>
  <testcase name="testParseArray()[30]" classname="edu.rice.json.ParserTestPrivate" time="0.0"/>
  <testcase name="testParseArray()[31]" classname="edu.rice.json.ParserTestPrivate" time="0.0"/>
  <testcase name="testParseArray()[32]" classname="edu.rice.json.ParserTestPrivate" time="0.0"/>
  <testcase name="testParseArray()[33]" classname="edu.rice.json.ParserTestPrivate" time="0.0"/>
  <testcase name="testParseArray()[34]" classname="edu.rice.json.ParserTestPrivate" time="0.0"/>
  <testcase name="testParseArray()[35]" classname="edu.rice.json.ParserTestPrivate" time="0.001"/>
  <testcase name="testParseArray()[36]" classname="edu.rice.json.ParserTestPrivate" time="0.0"/>
  <testcase name="testParseArray()[37]" classname="edu.rice.json.ParserTestPrivate" time="0.0"/>
  <testcase name="testParseArray()[38]" classname="edu.rice.json.ParserTestPrivate" time="0.0"/>
  <testcase name="testParseArray()[39]" classname="edu.rice.json.ParserTestPrivate" time="0.0"/>
  <testcase name="testParseArray()[40]" classname="edu.rice.json.ParserTestPrivate" time="0.0"/>
  <testcase name="testParseArray()[41]" classname="edu.rice.json.ParserTestPrivate" time="0.0"/>
  <testcase name="testParseArray()[42]" classname="edu.rice.json.ParserTestPrivate" time="0.0"/>
  <testcase name="testParseArray()[43]" classname="edu.rice.json.ParserTestPrivate" time="0.0"/>
  <testcase name="testParseArray()[44]" classname="edu.rice.json.ParserTestPrivate" time="0.0"/>
  <testcase name="testParseArray()[45]" classname="edu.rice.json.ParserTestPrivate" time="0.0"/>
  <testcase name="testParseArray()[46]" classname="edu.rice.json.ParserTestPrivate" time="0.0"/>
  <testcase name="testParseArray()[47]" classname="edu.rice.json.ParserTestPrivate" time="0.0"/>
  <testcase name="testParseValue()[1]" classname="edu.rice.json.ParserTestPrivate" time="0.0"/>
  <testcase name="testParseValue()[2]" classname="edu.rice.json.ParserTestPrivate" time="0.0"/>
  <testcase name="testParseValue()[3]" classname="edu.rice.json.ParserTestPrivate" time="0.001"/>
  <testcase name="testParseValue()[4]" classname="edu.rice.json.ParserTestPrivate" time="0.0"/>
  <testcase name="testParseValue()[5]" classname="edu.rice.json.ParserTestPrivate" time="0.0"/>
  <testcase name="testParseValue()[6]" classname="edu.rice.json.ParserTestPrivate" time="0.0"/>
  <testcase name="testParseValue()[7]" classname="edu.rice.json.ParserTestPrivate" time="0.0"/>
  <testcase name="testParseValue()[8]" classname="edu.rice.json.ParserTestPrivate" time="0.0"/>
  <testcase name="testParseValue()[9]" classname="edu.rice.json.ParserTestPrivate" time="0.0"/>
  <testcase name="testParseValue()[10]" classname="edu.rice.json.ParserTestPrivate" time="0.0"/>
  <testcase name="testParseValue()[11]" classname="edu.rice.json.ParserTestPrivate" time="0.0"/>
  <testcase name="testParseValue()[12]" classname="edu.rice.json.ParserTestPrivate" time="0.0"/>
  <testcase name="testParseValue()[13]" classname="edu.rice.json.ParserTestPrivate" time="0.0"/>
  <testcase name="testParseValue()[14]" classname="edu.rice.json.ParserTestPrivate" time="0.001"/>
  <testcase name="testParseValue()[15]" classname="edu.rice.json.ParserTestPrivate" time="0.0"/>
  <testcase name="testParseValue()[16]" classname="edu.rice.json.ParserTestPrivate" time="0.0"/>
  <testcase name="testParseValue()[17]" classname="edu.rice.json.ParserTestPrivate" time="0.0"/>
  <testcase name="testParseValue()[18]" classname="edu.rice.json.ParserTestPrivate" time="0.001"/>
  <testcase name="testParseValue()[19]" classname="edu.rice.json.ParserTestPrivate" time="0.0"/>
  <testcase name="testParseValue()[20]" classname="edu.rice.json.ParserTestPrivate" time="0.001"/>
  <testcase name="testParseValue()[21]" classname="edu.rice.json.ParserTestPrivate" time="0.0"/>
  <testcase name="testParseValue()[22]" classname="edu.rice.json.ParserTestPrivate" time="0.001"/>
  <testcase name="testParseValue()[23]" classname="edu.rice.json.ParserTestPrivate" time="0.0"/>
  <testcase name="testParseValue()[24]" classname="edu.rice.json.ParserTestPrivate" time="0.0"/>
  <testcase name="testParseValue()[25]" classname="edu.rice.json.ParserTestPrivate" time="0.0"/>
  <testcase name="testParseValue()[26]" classname="edu.rice.json.ParserTestPrivate" time="0.001"/>
  <testcase name="testParseValue()[27]" classname="edu.rice.json.ParserTestPrivate" time="0.0"/>
  <testcase name="testParseValue()[28]" classname="edu.rice.json.ParserTestPrivate" time="0.0"/>
  <testcase name="testParseValue()[29]" classname="edu.rice.json.ParserTestPrivate" time="0.0"/>
  <testcase name="testParseValue()[30]" classname="edu.rice.json.ParserTestPrivate" time="0.0"/>
  <testcase name="testParseValue()[31]" classname="edu.rice.json.ParserTestPrivate" time="0.0"/>
  <testcase name="testParseValue()[32]" classname="edu.rice.json.ParserTestPrivate" time="0.0"/>
  <testcase name="testParseValue()[33]" classname="edu.rice.json.ParserTestPrivate" time="0.0"/>
  <testcase name="testParseValue()[34]" classname="edu.rice.json.ParserTestPrivate" time="0.001"/>
  <testcase name="testParseValue()[35]" classname="edu.rice.json.ParserTestPrivate" time="0.0"/>
  <testcase name="testParseValue()[36]" classname="edu.rice.json.ParserTestPrivate" time="0.0"/>
  <testcase name="testParseValue()[37]" classname="edu.rice.json.ParserTestPrivate" time="0.0"/>
  <testcase name="testParseValue()[38]" classname="edu.rice.json.ParserTestPrivate" time="0.0"/>
  <testcase name="testParseValue()[39]" classname="edu.rice.json.ParserTestPrivate" time="0.0"/>
  <testcase name="testParseValue()[40]" classname="edu.rice.json.ParserTestPrivate" time="0.0"/>
  <testcase name="testParseValue()[41]" classname="edu.rice.json.ParserTestPrivate" time="0.0"/>
  <testcase name="testParseValue()[42]" classname="edu.rice.json.ParserTestPrivate" time="0.0"/>
  <testcase name="testParseValue()[43]" classname="edu.rice.json.ParserTestPrivate" time="0.0"/>
  <testcase name="testParseValue()[44]" classname="edu.rice.json.ParserTestPrivate" time="0.0"/>
  <testcase name="testParseValue()[45]" classname="edu.rice.json.ParserTestPrivate" time="0.0"/>
  <testcase name="testParseValue()[46]" classname="edu.rice.json.ParserTestPrivate" time="0.0"/>
  <testcase name="testParseValue()[47]" classname="edu.rice.json.ParserTestPrivate" time="0.0"/>
  <testcase name="testParseValue()[48]" classname="edu.rice.json.ParserTestPrivate" time="0.0"/>
  <testcase name="testParseValue()[49]" classname="edu.rice.json.ParserTestPrivate" time="0.0"/>
  <testcase name="testParseValue()[50]" classname="edu.rice.json.ParserTestPrivate" time="0.0"/>
  <testcase name="testParseValue()[51]" classname="edu.rice.json.ParserTestPrivate" time="0.0"/>
  <testcase name="testParseValue()[52]" classname="edu.rice.json.ParserTestPrivate" time="0.0"/>
  <testcase name="testParseValue()[53]" classname="edu.rice.json.ParserTestPrivate" time="0.0"/>
  <testcase name="testParseValue()[54]" classname="edu.rice.json.ParserTestPrivate" time="0.0"/>
  <testcase name="testParseValue()[55]" classname="edu.rice.json.ParserTestPrivate" time="0.0"/>
  <testcase name="testParseValue()[56]" classname="edu.rice.json.ParserTestPrivate" time="0.0"/>
  <testcase name="testParseValue()[57]" classname="edu.rice.json.ParserTestPrivate" time="0.0"/>
  <testcase name="testParseValue()[58]" classname="edu.rice.json.ParserTestPrivate" time="0.0"/>
  <testcase name="testParseValue()[59]" classname="edu.rice.json.ParserTestPrivate" time="0.0"/>
  <testcase name="testParseValue()[60]" classname="edu.rice.json.ParserTestPrivate" time="0.0"/>
  <testcase name="testParseValue()[61]" classname="edu.rice.json.ParserTestPrivate" time="0.0"/>
  <testcase name="testParseValue()[62]" classname="edu.rice.json.ParserTestPrivate" time="0.001"/>
  <testcase name="testParseValue()[63]" classname="edu.rice.json.ParserTestPrivate" time="0.0"/>
  <testcase name="testParseValue()[64]" classname="edu.rice.json.ParserTestPrivate" time="0.0"/>
  <testcase name="testParseValue()[65]" classname="edu.rice.json.ParserTestPrivate" time="0.0"/>
  <testcase name="testParseValue()[66]" classname="edu.rice.json.ParserTestPrivate" time="0.0"/>
  <testcase name="testParseValue()[67]" classname="edu.rice.json.ParserTestPrivate" time="0.0"/>
  <testcase name="testParseValue()[68]" classname="edu.rice.json.ParserTestPrivate" time="0.0"/>
  <testcase name="testBooleans()[1]" classname="edu.rice.json.ParserTestPrivate" time="0.001"/>
  <testcase name="testBooleans()[2]" classname="edu.rice.json.ParserTestPrivate" time="0.0"/>
  <testcase name="testBooleans()[3]" classname="edu.rice.json.ParserTestPrivate" time="0.0"/>
  <testcase name="testBooleans()[4]" classname="edu.rice.json.ParserTestPrivate" time="0.0"/>
  <testcase name="testBooleans()[5]" classname="edu.rice.json.ParserTestPrivate" time="0.001"/>
  <testcase name="testBooleans()[6]" classname="edu.rice.json.ParserTestPrivate" time="0.0"/>
  <testcase name="testBooleans()[7]" classname="edu.rice.json.ParserTestPrivate" time="0.0"/>
  <testcase name="testBooleans()[8]" classname="edu.rice.json.ParserTestPrivate" time="0.0"/>
  <testcase name="testBooleans()[9]" classname="edu.rice.json.ParserTestPrivate" time="0.0"/>
  <testcase name="testBooleans()[10]" classname="edu.rice.json.ParserTestPrivate" time="0.0"/>
  <testcase name="testBooleans()[11]" classname="edu.rice.json.ParserTestPrivate" time="0.0"/>
  <testcase name="testBooleans()[12]" classname="edu.rice.json.ParserTestPrivate" time="0.0"/>
  <testcase name="testBooleans()[13]" classname="edu.rice.json.ParserTestPrivate" time="0.0"/>
  <testcase name="testBooleans()[14]" classname="edu.rice.json.ParserTestPrivate" time="0.0"/>
  <testcase name="testBooleans()[15]" classname="edu.rice.json.ParserTestPrivate" time="0.0"/>
  <testcase name="testBooleans()[16]" classname="edu.rice.json.ParserTestPrivate" time="0.0"/>
  <testcase name="testBooleans()[17]" classname="edu.rice.json.ParserTestPrivate" time="0.0"/>
  <testcase name="testBooleans()[18]" classname="edu.rice.json.ParserTestPrivate" time="0.0"/>
  <testcase name="testBooleans()[19]" classname="edu.rice.json.ParserTestPrivate" time="0.0"/>
  <testcase name="testBooleans()[20]" classname="edu.rice.json.ParserTestPrivate" time="0.001"/>
  <testcase name="testBooleans()[21]" classname="edu.rice.json.ParserTestPrivate" time="0.0"/>
  <testcase name="testBooleans()[22]" classname="edu.rice.json.ParserTestPrivate" time="0.0"/>
  <testcase name="testBooleans()[23]" classname="edu.rice.json.ParserTestPrivate" time="0.0"/>
  <testcase name="testBooleans()[24]" classname="edu.rice.json.ParserTestPrivate" time="0.0"/>
  <testcase name="testBooleans()[25]" classname="edu.rice.json.ParserTestPrivate" time="0.001"/>
  <testcase name="testBooleans()[26]" classname="edu.rice.json.ParserTestPrivate" time="0.0"/>
  <testcase name="testBooleans()[27]" classname="edu.rice.json.ParserTestPrivate" time="0.0"/>
  <testcase name="testBooleans()[28]" classname="edu.rice.json.ParserTestPrivate" time="0.0"/>
  <testcase name="testBooleans()[29]" classname="edu.rice.json.ParserTestPrivate" time="0.0"/>
  <testcase name="testBooleans()[30]" classname="edu.rice.json.ParserTestPrivate" time="0.0"/>
  <testcase name="testBooleans()[31]" classname="edu.rice.json.ParserTestPrivate" time="0.0"/>
  <testcase name="testBooleans()[32]" classname="edu.rice.json.ParserTestPrivate" time="0.0"/>
  <testcase name="testBooleans()[33]" classname="edu.rice.json.ParserTestPrivate" time="0.001"/>
  <testcase name="testBooleans()[34]" classname="edu.rice.json.ParserTestPrivate" time="0.0"/>
  <testcase name="testBooleans()[35]" classname="edu.rice.json.ParserTestPrivate" time="0.0"/>
  <testcase name="testBooleans()[36]" classname="edu.rice.json.ParserTestPrivate" time="0.0"/>
  <testcase name="testBooleans()[37]" classname="edu.rice.json.ParserTestPrivate" time="0.001"/>
  <testcase name="testBooleans()[38]" classname="edu.rice.json.ParserTestPrivate" time="0.0"/>
  <testcase name="testBooleans()[39]" classname="edu.rice.json.ParserTestPrivate" time="0.0"/>
  <testcase name="testBooleans()[40]" classname="edu.rice.json.ParserTestPrivate" time="0.0"/>
  <testcase name="testBooleans()[41]" classname="edu.rice.json.ParserTestPrivate" time="0.0"/>
  <testcase name="testBooleans()[42]" classname="edu.rice.json.ParserTestPrivate" time="0.0"/>
  <testcase name="testParseObject()[1]" classname="edu.rice.json.ParserTestPrivate" time="0.0"/>
  <testcase name="testParseObject()[2]" classname="edu.rice.json.ParserTestPrivate" time="0.001"/>
  <testcase name="testParseObject()[3]" classname="edu.rice.json.ParserTestPrivate" time="0.0"/>
  <testcase name="testParseObject()[4]" classname="edu.rice.json.ParserTestPrivate" time="0.0"/>
  <testcase name="testParseObject()[5]" classname="edu.rice.json.ParserTestPrivate" time="0.001"/>
  <testcase name="testParseObject()[6]" classname="edu.rice.json.ParserTestPrivate" time="0.0"/>
  <testcase name="testParseObject()[7]" classname="edu.rice.json.ParserTestPrivate" time="0.0"/>
  <testcase name="testParseObject()[8]" classname="edu.rice.json.ParserTestPrivate" time="0.001"/>
  <testcase name="testParseObject()[9]" classname="edu.rice.json.ParserTestPrivate" time="0.0"/>
  <testcase name="testParseObject()[10]" classname="edu.rice.json.ParserTestPrivate" time="0.0"/>
  <testcase name="testParseObject()[11]" classname="edu.rice.json.ParserTestPrivate" time="0.0"/>
  <testcase name="testParseObject()[12]" classname="edu.rice.json.ParserTestPrivate" time="0.0"/>
  <testcase name="testParseObject()[13]" classname="edu.rice.json.ParserTestPrivate" time="0.0"/>
  <testcase name="testParseObject()[14]" classname="edu.rice.json.ParserTestPrivate" time="0.0"/>
  <testcase name="testParseObject()[15]" classname="edu.rice.json.ParserTestPrivate" time="0.0"/>
  <testcase name="testParseObject()[16]" classname="edu.rice.json.ParserTestPrivate" time="0.0"/>
  <testcase name="testParseObject()[17]" classname="edu.rice.json.ParserTestPrivate" time="0.0"/>
  <testcase name="testParseObject()[18]" classname="edu.rice.json.ParserTestPrivate" time="0.0"/>
  <testcase name="testParseObject()[19]" classname="edu.rice.json.ParserTestPrivate" time="0.0"/>
  <testcase name="testParseObject()[20]" classname="edu.rice.json.ParserTestPrivate" time="0.0"/>
  <testcase name="testParseObject()[21]" classname="edu.rice.json.ParserTestPrivate" time="0.0"/>
  <testcase name="testParseObject()[22]" classname="edu.rice.json.ParserTestPrivate" time="0.0"/>
  <testcase name="testParseObject()[23]" classname="edu.rice.json.ParserTestPrivate" time="0.0"/>
  <testcase name="testParseObject()[24]" classname="edu.rice.json.ParserTestPrivate" time="0.0"/>
  <testcase name="testParseObject()[25]" classname="edu.rice.json.ParserTestPrivate" time="0.0"/>
  <testcase name="testParseObject()[26]" classname="edu.rice.json.ParserTestPrivate" time="0.0"/>
  <testcase name="testParseObject()[27]" classname="edu.rice.json.ParserTestPrivate" time="0.001"/>
  <testcase name="testParseObject()[28]" classname="edu.rice.json.ParserTestPrivate" time="0.0"/>
  <testcase name="testParseObject()[29]" classname="edu.rice.json.ParserTestPrivate" time="0.0"/>
  <testcase name="testParseObject()[30]" classname="edu.rice.json.ParserTestPrivate" time="0.0"/>
  <testcase name="testParseObject()[31]" classname="edu.rice.json.ParserTestPrivate" time="0.0"/>
  <testcase name="testParseObject()[32]" classname="edu.rice.json.ParserTestPrivate" time="0.001"/>
  <testcase name="testParseObject()[33]" classname="edu.rice.json.ParserTestPrivate" time="0.0"/>
  <testcase name="testParseObject()[34]" classname="edu.rice.json.ParserTestPrivate" time="0.0"/>
  <testcase name="testParseObject()[35]" classname="edu.rice.json.ParserTestPrivate" time="0.0"/>
  <testcase name="testParseObject()[36]" classname="edu.rice.json.ParserTestPrivate" time="0.0"/>
  <testcase name="testParseObject()[37]" classname="edu.rice.json.ParserTestPrivate" time="0.0"/>
  <testcase name="testParseObject()[38]" classname="edu.rice.json.ParserTestPrivate" time="0.0"/>
  <testcase name="testParseObject()[39]" classname="edu.rice.json.ParserTestPrivate" time="0.0"/>
  <testcase name="testParseObject()[40]" classname="edu.rice.json.ParserTestPrivate" time="0.0"/>
  <testcase name="testParseObject()[41]" classname="edu.rice.json.ParserTestPrivate" time="0.0"/>
  <testcase name="testParseObject()[42]" classname="edu.rice.json.ParserTestPrivate" time="0.0"/>
  <testcase name="testParseObject()[43]" classname="edu.rice.json.ParserTestPrivate" time="0.0"/>
  <testcase name="testParseObject()[44]" classname="edu.rice.json.ParserTestPrivate" time="0.0"/>
  <testcase name="testParseObject()[45]" classname="edu.rice.json.ParserTestPrivate" time="0.0"/>
  <testcase name="testParseObject()[46]" classname="edu.rice.json.ParserTestPrivate" time="0.0"/>
  <testcase name="testParseObject()[47]" classname="edu.rice.json.ParserTestPrivate" time="0.0"/>
  <testcase name="testParseObject()[48]" classname="edu.rice.json.ParserTestPrivate" time="0.0"/>
  <testcase name="testNulls()[1]" classname="edu.rice.json.ParserTestPrivate" time="0.0"/>
  <testcase name="testNulls()[2]" classname="edu.rice.json.ParserTestPrivate" time="0.0"/>
  <testcase name="testNulls()[3]" classname="edu.rice.json.ParserTestPrivate" time="0.001"/>
  <testcase name="testNulls()[4]" classname="edu.rice.json.ParserTestPrivate" time="0.0"/>
  <testcase name="testNulls()[5]" classname="edu.rice.json.ParserTestPrivate" time="0.0"/>
  <testcase name="testNulls()[6]" classname="edu.rice.json.ParserTestPrivate" time="0.0"/>
  <testcase name="testNulls()[7]" classname="edu.rice.json.ParserTestPrivate" time="0.0"/>
  <testcase name="testNulls()[8]" classname="edu.rice.json.ParserTestPrivate" time="0.0"/>
  <testcase name="testNulls()[9]" classname="edu.rice.json.ParserTestPrivate" time="0.0"/>
  <testcase name="testNulls()[10]" classname="edu.rice.json.ParserTestPrivate" time="0.0"/>
  <testcase name="testNulls()[11]" classname="edu.rice.json.ParserTestPrivate" time="0.0"/>
  <testcase name="testNulls()[12]" classname="edu.rice.json.ParserTestPrivate" time="0.0"/>
  <testcase name="testNulls()[13]" classname="edu.rice.json.ParserTestPrivate" time="0.001"/>
  <testcase name="testNulls()[14]" classname="edu.rice.json.ParserTestPrivate" time="0.0"/>
  <testcase name="testNulls()[15]" classname="edu.rice.json.ParserTestPrivate" time="0.0"/>
  <testcase name="testNulls()[16]" classname="edu.rice.json.ParserTestPrivate" time="0.0"/>
  <testcase name="testNulls()[17]" classname="edu.rice.json.ParserTestPrivate" time="0.0"/>
  <testcase name="testNulls()[18]" classname="edu.rice.json.ParserTestPrivate" time="0.0"/>
  <testcase name="testNulls()[19]" classname="edu.rice.json.ParserTestPrivate" time="0.0"/>
  <testcase name="testNulls()[20]" classname="edu.rice.json.ParserTestPrivate" time="0.0"/>
  <testcase name="testNulls()[21]" classname="edu.rice.json.ParserTestPrivate" time="0.0"/>
  <testcase name="testNulls()[22]" classname="edu.rice.json.ParserTestPrivate" time="0.0"/>
  <testcase name="testNulls()[23]" classname="edu.rice.json.ParserTestPrivate" time="0.0"/>
  <testcase name="testNulls()[24]" classname="edu.rice.json.ParserTestPrivate" time="0.0"/>
  <testcase name="testNulls()[25]" classname="edu.rice.json.ParserTestPrivate" time="0.0"/>
  <testcase name="testNulls()[26]" classname="edu.rice.json.ParserTestPrivate" time="0.0"/>
  <testcase name="testNulls()[27]" classname="edu.rice.json.ParserTestPrivate" time="0.0"/>
  <testcase name="testNulls()[28]" classname="edu.rice.json.ParserTestPrivate" time="0.0"/>
  <testcase name="testNulls()[29]" classname="edu.rice.json.ParserTestPrivate" time="0.0"/>
  <testcase name="testNulls()[30]" classname="edu.rice.json.ParserTestPrivate" time="0.001"/>
  <testcase name="testNulls()[31]" classname="edu.rice.json.ParserTestPrivate" time="0.0"/>
  <testcase name="testNulls()[32]" classname="edu.rice.json.ParserTestPrivate" time="0.0"/>
  <testcase name="testNulls()[33]" classname="edu.rice.json.ParserTestPrivate" time="0.0"/>
  <testcase name="testNulls()[34]" classname="edu.rice.json.ParserTestPrivate" time="0.0"/>
  <testcase name="testNulls()[35]" classname="edu.rice.json.ParserTestPrivate" time="0.0"/>
  <testcase name="testNulls()[36]" classname="edu.rice.json.ParserTestPrivate" time="0.0"/>
  <testcase name="testNulls()[37]" classname="edu.rice.json.ParserTestPrivate" time="0.0"/>
  <testcase name="testNulls()[38]" classname="edu.rice.json.ParserTestPrivate" time="0.001"/>
  <testcase name="testNulls()[39]" classname="edu.rice.json.ParserTestPrivate" time="0.0"/>
  <testcase name="testDuplicateKeys()" classname="edu.rice.json.ParserTestPrivate" time="0.002"/>
  <testcase name="testArrays()[1]" classname="edu.rice.json.ParserTestPrivate" time="0.0"/>
  <testcase name="testArrays()[2]" classname="edu.rice.json.ParserTestPrivate" time="0.0"/>
  <testcase name="testArrays()[3]" classname="edu.rice.json.ParserTestPrivate" time="0.0"/>
  <testcase name="testArrays()[4]" classname="edu.rice.json.ParserTestPrivate" time="0.0"/>
  <testcase name="testArrays()[5]" classname="edu.rice.json.ParserTestPrivate" time="0.0"/>
  <testcase name="testArrays()[6]" classname="edu.rice.json.ParserTestPrivate" time="0.0"/>
  <testcase name="testArrays()[7]" classname="edu.rice.json.ParserTestPrivate" time="0.0"/>
  <testcase name="testArrays()[8]" classname="edu.rice.json.ParserTestPrivate" time="0.0"/>
  <testcase name="testArrays()[9]" classname="edu.rice.json.ParserTestPrivate" time="0.0"/>
  <testcase name="testArrays()[10]" classname="edu.rice.json.ParserTestPrivate" time="0.0"/>
  <testcase name="testArrays()[11]" classname="edu.rice.json.ParserTestPrivate" time="0.0"/>
  <testcase name="testArrays()[12]" classname="edu.rice.json.ParserTestPrivate" time="0.0"/>
  <testcase name="testArrays()[13]" classname="edu.rice.json.ParserTestPrivate" time="0.0"/>
  <testcase name="testArrays()[14]" classname="edu.rice.json.ParserTestPrivate" time="0.0"/>
  <testcase name="testArrays()[15]" classname="edu.rice.json.ParserTestPrivate" time="0.0"/>
  <testcase name="testArrays()[16]" classname="edu.rice.json.ParserTestPrivate" time="0.0"/>
  <testcase name="testArrays()[17]" classname="edu.rice.json.ParserTestPrivate" time="0.0"/>
  <testcase name="testArrays()[18]" classname="edu.rice.json.ParserTestPrivate" time="0.0"/>
  <testcase name="testArrays()[19]" classname="edu.rice.json.ParserTestPrivate" time="0.0"/>
  <testcase name="testArrays()[20]" classname="edu.rice.json.ParserTestPrivate" time="0.0"/>
  <testcase name="testArrays()[21]" classname="edu.rice.json.ParserTestPrivate" time="0.0"/>
  <testcase name="testArrays()[22]" classname="edu.rice.json.ParserTestPrivate" time="0.0"/>
  <testcase name="testArrays()[23]" classname="edu.rice.json.ParserTestPrivate" time="0.0"/>
  <testcase name="testArrays()[24]" classname="edu.rice.json.ParserTestPrivate" time="0.0"/>
  <testcase name="testArrays()[25]" classname="edu.rice.json.ParserTestPrivate" time="0.0"/>
  <testcase name="testArrays()[26]" classname="edu.rice.json.ParserTestPrivate" time="0.0"/>
  <testcase name="testArrays()[27]" classname="edu.rice.json.ParserTestPrivate" time="0.0"/>
  <testcase name="testArrays()[28]" classname="edu.rice.json.ParserTestPrivate" time="0.0"/>
  <testcase name="testArrays()[29]" classname="edu.rice.json.ParserTestPrivate" time="0.0"/>
  <testcase name="testArrays()[30]" classname="edu.rice.json.ParserTestPrivate" time="0.0"/>
  <testcase name="testArrays()[31]" classname="edu.rice.json.ParserTestPrivate" time="0.0"/>
  <testcase name="testArrays()[32]" classname="edu.rice.json.ParserTestPrivate" time="0.0"/>
  <testcase name="testArrays()[33]" classname="edu.rice.json.ParserTestPrivate" time="0.0"/>
  <testcase name="testArrays()[34]" classname="edu.rice.json.ParserTestPrivate" time="0.0"/>
  <testcase name="testArrays()[35]" classname="edu.rice.json.ParserTestPrivate" time="0.0"/>
  <testcase name="testArrays()[36]" classname="edu.rice.json.ParserTestPrivate" time="0.0"/>
  <testcase name="testArrays()[37]" classname="edu.rice.json.ParserTestPrivate" time="0.0"/>
  <testcase name="testArrays()[38]" classname="edu.rice.json.ParserTestPrivate" time="0.0"/>
  <testcase name="testArrays()[39]" classname="edu.rice.json.ParserTestPrivate" time="0.0"/>
  <testcase name="testArrays()[40]" classname="edu.rice.json.ParserTestPrivate" time="0.0"/>
  <testcase name="testArrays()[41]" classname="edu.rice.json.ParserTestPrivate" time="0.0"/>
  <testcase name="testArrays()[42]" classname="edu.rice.json.ParserTestPrivate" time="0.0"/>
  <testcase name="testArrays()[43]" classname="edu.rice.json.ParserTestPrivate" time="0.0"/>
  <testcase name="testArrays()[44]" classname="edu.rice.json.ParserTestPrivate" time="0.0"/>
  <testcase name="testArrays()[45]" classname="edu.rice.json.ParserTestPrivate" time="0.0"/>
  <testcase name="testArrays()[46]" classname="edu.rice.json.ParserTestPrivate" time="0.0"/>
  <testcase name="testArrays()[47]" classname="edu.rice.json.ParserTestPrivate" time="0.0"/>
  <testcase name="testArrays()[48]" classname="edu.rice.json.ParserTestPrivate" time="0.0"/>
  <testcase name="testArrays()[49]" classname="edu.rice.json.ParserTestPrivate" time="0.0"/>
  <testcase name="testArrays()[50]" classname="edu.rice.json.ParserTestPrivate" time="0.0"/>
  <testcase name="testArrays()[51]" classname="edu.rice.json.ParserTestPrivate" time="0.0"/>
  <testcase name="testArrays()[52]" classname="edu.rice.json.ParserTestPrivate" time="0.0"/>
  <testcase name="testArrays()[53]" classname="edu.rice.json.ParserTestPrivate" time="0.001"/>
  <testcase name="testArrays()[54]" classname="edu.rice.json.ParserTestPrivate" time="0.0"/>
  <testcase name="testNumbers()[1]" classname="edu.rice.json.ParserTestPrivate" time="0.0"/>
  <testcase name="testNumbers()[2]" classname="edu.rice.json.ParserTestPrivate" time="0.0"/>
  <testcase name="testNumbers()[3]" classname="edu.rice.json.ParserTestPrivate" time="0.0"/>
  <testcase name="testNumbers()[4]" classname="edu.rice.json.ParserTestPrivate" time="0.0"/>
  <testcase name="testNumbers()[5]" classname="edu.rice.json.ParserTestPrivate" time="0.0"/>
  <testcase name="testNumbers()[6]" classname="edu.rice.json.ParserTestPrivate" time="0.0"/>
  <testcase name="testNumbers()[7]" classname="edu.rice.json.ParserTestPrivate" time="0.0"/>
  <testcase name="testNumbers()[8]" classname="edu.rice.json.ParserTestPrivate" time="0.0"/>
  <testcase name="testNumbers()[9]" classname="edu.rice.json.ParserTestPrivate" time="0.0"/>
  <testcase name="testNumbers()[10]" classname="edu.rice.json.ParserTestPrivate" time="0.0"/>
  <testcase name="testNumbers()[11]" classname="edu.rice.json.ParserTestPrivate" time="0.0"/>
  <testcase name="testNumbers()[12]" classname="edu.rice.json.ParserTestPrivate" time="0.0"/>
  <testcase name="testNumbers()[13]" classname="edu.rice.json.ParserTestPrivate" time="0.0"/>
  <testcase name="testNumbers()[14]" classname="edu.rice.json.ParserTestPrivate" time="0.0"/>
  <testcase name="testNumbers()[15]" classname="edu.rice.json.ParserTestPrivate" time="0.0"/>
  <testcase name="testNumbers()[16]" classname="edu.rice.json.ParserTestPrivate" time="0.0"/>
  <testcase name="testNumbers()[17]" classname="edu.rice.json.ParserTestPrivate" time="0.0"/>
  <testcase name="testNumbers()[18]" classname="edu.rice.json.ParserTestPrivate" time="0.0"/>
  <testcase name="testNumbers()[19]" classname="edu.rice.json.ParserTestPrivate" time="0.0"/>
  <testcase name="testNumbers()[20]" classname="edu.rice.json.ParserTestPrivate" time="0.001"/>
  <testcase name="testNumbers()[21]" classname="edu.rice.json.ParserTestPrivate" time="0.0"/>
  <testcase name="testNumbers()[22]" classname="edu.rice.json.ParserTestPrivate" time="0.0"/>
  <testcase name="testNumbers()[23]" classname="edu.rice.json.ParserTestPrivate" time="0.0"/>
  <testcase name="testNumbers()[24]" classname="edu.rice.json.ParserTestPrivate" time="0.0"/>
  <testcase name="testNumbers()[25]" classname="edu.rice.json.ParserTestPrivate" time="0.0"/>
  <testcase name="testNumbers()[26]" classname="edu.rice.json.ParserTestPrivate" time="0.0"/>
  <testcase name="testNumbers()[27]" classname="edu.rice.json.ParserTestPrivate" time="0.0"/>
  <testcase name="testNumbers()[28]" classname="edu.rice.json.ParserTestPrivate" time="0.0"/>
  <testcase name="testNumbers()[29]" classname="edu.rice.json.ParserTestPrivate" time="0.001"/>
  <testcase name="testNumbers()[30]" classname="edu.rice.json.ParserTestPrivate" time="0.0"/>
  <testcase name="testNumbers()[31]" classname="edu.rice.json.ParserTestPrivate" time="0.0"/>
  <testcase name="testNumbers()[32]" classname="edu.rice.json.ParserTestPrivate" time="0.0"/>
  <testcase name="testNumbers()[33]" classname="edu.rice.json.ParserTestPrivate" time="0.0"/>
  <testcase name="testNumbers()[34]" classname="edu.rice.json.ParserTestPrivate" time="0.0"/>
  <testcase name="testNumbers()[35]" classname="edu.rice.json.ParserTestPrivate" time="0.0"/>
  <testcase name="testNumbers()[36]" classname="edu.rice.json.ParserTestPrivate" time="0.0"/>
  <testcase name="testNumbers()[37]" classname="edu.rice.json.ParserTestPrivate" time="0.0"/>
  <testcase name="testNumbers()[38]" classname="edu.rice.json.ParserTestPrivate" time="0.0"/>
  <testcase name="testNumbers()[39]" classname="edu.rice.json.ParserTestPrivate" time="0.0"/>
  <testcase name="testNumbers()[40]" classname="edu.rice.json.ParserTestPrivate" time="0.0"/>
  <testcase name="testStrings()[1]" classname="edu.rice.json.ParserTestPrivate" time="0.0"/>
  <testcase name="testStrings()[2]" classname="edu.rice.json.ParserTestPrivate" time="0.0"/>
  <testcase name="testStrings()[3]" classname="edu.rice.json.ParserTestPrivate" time="0.0"/>
  <testcase name="testStrings()[4]" classname="edu.rice.json.ParserTestPrivate" time="0.0"/>
  <testcase name="testStrings()[5]" classname="edu.rice.json.ParserTestPrivate" time="0.0"/>
  <testcase name="testStrings()[6]" classname="edu.rice.json.ParserTestPrivate" time="0.0"/>
  <testcase name="testStrings()[7]" classname="edu.rice.json.ParserTestPrivate" time="0.0"/>
  <testcase name="testStrings()[8]" classname="edu.rice.json.ParserTestPrivate" time="0.0"/>
  <testcase name="testStrings()[9]" classname="edu.rice.json.ParserTestPrivate" time="0.0"/>
  <testcase name="testStrings()[10]" classname="edu.rice.json.ParserTestPrivate" time="0.0"/>
  <testcase name="testStrings()[11]" classname="edu.rice.json.ParserTestPrivate" time="0.0"/>
  <testcase name="testStrings()[12]" classname="edu.rice.json.ParserTestPrivate" time="0.0"/>
  <testcase name="testStrings()[13]" classname="edu.rice.json.ParserTestPrivate" time="0.0"/>
  <testcase name="testStrings()[14]" classname="edu.rice.json.ParserTestPrivate" time="0.0"/>
  <testcase name="testStrings()[15]" classname="edu.rice.json.ParserTestPrivate" time="0.0"/>
  <testcase name="testStrings()[16]" classname="edu.rice.json.ParserTestPrivate" time="0.0"/>
  <testcase name="testStrings()[17]" classname="edu.rice.json.ParserTestPrivate" time="0.0"/>
  <testcase name="testStrings()[18]" classname="edu.rice.json.ParserTestPrivate" time="0.0"/>
  <testcase name="testStrings()[19]" classname="edu.rice.json.ParserTestPrivate" time="0.001"/>
  <testcase name="testStrings()[20]" classname="edu.rice.json.ParserTestPrivate" time="0.0"/>
  <testcase name="testStrings()[21]" classname="edu.rice.json.ParserTestPrivate" time="0.0"/>
  <testcase name="testStrings()[22]" classname="edu.rice.json.ParserTestPrivate" time="0.0"/>
  <testcase name="testStrings()[23]" classname="edu.rice.json.ParserTestPrivate" time="0.0"/>
  <testcase name="testStrings()[24]" classname="edu.rice.json.ParserTestPrivate" time="0.001"/>
  <testcase name="testStrings()[25]" classname="edu.rice.json.ParserTestPrivate" time="0.0"/>
  <testcase name="testStrings()[26]" classname="edu.rice.json.ParserTestPrivate" time="0.0"/>
  <testcase name="testStrings()[27]" classname="edu.rice.json.ParserTestPrivate" time="0.0"/>
  <testcase name="testStrings()[28]" classname="edu.rice.json.ParserTestPrivate" time="0.0"/>
  <testcase name="testStrings()[29]" classname="edu.rice.json.ParserTestPrivate" time="0.0"/>
  <testcase name="testStrings()[30]" classname="edu.rice.json.ParserTestPrivate" time="0.0"/>
  <testcase name="testStrings()[31]" classname="edu.rice.json.ParserTestPrivate" time="0.0"/>
  <testcase name="testStrings()[32]" classname="edu.rice.json.ParserTestPrivate" time="0.0"/>
  <testcase name="testStrings()[33]" classname="edu.rice.json.ParserTestPrivate" time="0.0"/>
  <testcase name="testStrings()[34]" classname="edu.rice.json.ParserTestPrivate" time="0.0"/>
  <testcase name="testStrings()[35]" classname="edu.rice.json.ParserTestPrivate" time="0.0"/>
  <testcase name="testStrings()[36]" classname="edu.rice.json.ParserTestPrivate" time="0.0"/>
  <testcase name="testStrings()[37]" classname="edu.rice.json.ParserTestPrivate" time="0.0"/>
  <testcase name="testStrings()[38]" classname="edu.rice.json.ParserTestPrivate" time="0.0"/>
  <testcase name="testStrings()[39]" classname="edu.rice.json.ParserTestPrivate" time="0.0"/>
  <testcase name="testStrings()[40]" classname="edu.rice.json.ParserTestPrivate" time="0.0"/>
  <testcase name="testStrings()[41]" classname="edu.rice.json.ParserTestPrivate" time="0.0"/>
  <system-out><![CDATA[2019-03-29 09:20:38,170 [Test worker] ?[1;31mERROR?[0;39m ?[36mParserTestPrivate?[0;39m - testing JSON array parser failures; expect many errors being logged! 
2019-03-29 09:20:38,176 [Test worker] ?[1;31mERROR?[0;39m ?[36mJsonParsers?[0;39m - tokens remaining after parsing was complete; parser failure 
2019-03-29 09:20:38,177 [Test worker] ?[1;31mERROR?[0;39m ?[36mJsonParsers?[0;39m - tokens remaining after parsing was complete; parser failure 
2019-03-29 09:20:38,178 [Test worker] ?[1;31mERROR?[0;39m ?[36mJsonParsers?[0;39m - tokens remaining after parsing was complete; parser failure 
2019-03-29 09:20:38,178 [Test worker] ?[1;31mERROR?[0;39m ?[36mJsonParsers?[0;39m - tokens remaining after parsing was complete; parser failure 
2019-03-29 09:20:38,189 [Test worker] ?[1;31mERROR?[0;39m ?[36mParserTestPrivate?[0;39m - testing JSON value parser failures; expect many errors being logged! 
2019-03-29 09:20:38,195 [Test worker] ?[1;31mERROR?[0;39m ?[36mJsonParsers?[0;39m - tokens remaining after parsing was complete; parser failure 
2019-03-29 09:20:38,196 [Test worker] ?[1;31mERROR?[0;39m ?[36mJsonParsers?[0;39m - tokens remaining after parsing was complete; parser failure 
2019-03-29 09:20:38,196 [Test worker] ?[1;31mERROR?[0;39m ?[36mJsonParsers?[0;39m - tokens remaining after parsing was complete; parser failure 
2019-03-29 09:20:38,197 [Test worker] ?[1;31mERROR?[0;39m ?[36mJsonParsers?[0;39m - tokens remaining after parsing was complete; parser failure 
2019-03-29 09:20:38,197 [Test worker] ?[1;31mERROR?[0;39m ?[36mJsonParsers?[0;39m - tokens remaining after parsing was complete; parser failure 
2019-03-29 09:20:38,197 [Test worker] ?[1;31mERROR?[0;39m ?[36mJsonParsers?[0;39m - tokens remaining after parsing was complete; parser failure 
2019-03-29 09:20:38,198 [Test worker] ?[1;31mERROR?[0;39m ?[36mJsonParsers?[0;39m - tokens remaining after parsing was complete; parser failure 
2019-03-29 09:20:38,198 [Test worker] ?[1;31mERROR?[0;39m ?[36mJsonParsers?[0;39m - tokens remaining after parsing was complete; parser failure 
2019-03-29 09:20:38,199 [Test worker] ?[1;31mERROR?[0;39m ?[36mJsonParsers?[0;39m - tokens remaining after parsing was complete; parser failure 
2019-03-29 09:20:38,201 [Test worker] ?[1;31mERROR?[0;39m ?[36mJsonParsers?[0;39m - tokens remaining after parsing was complete; parser failure 
2019-03-29 09:20:38,202 [Test worker] ?[1;31mERROR?[0;39m ?[36mJsonParsers?[0;39m - tokens remaining after parsing was complete; parser failure 
2019-03-29 09:20:38,224 [Test worker] ?[1;31mERROR?[0;39m ?[36mParserTestPrivate?[0;39m - testing JSON object parser failures; expect many errors being logged! 
2019-03-29 09:20:38,227 [Test worker] ?[1;31mERROR?[0;39m ?[36mJsonParsers?[0;39m - tokens remaining after parsing was complete; parser failure 
2019-03-29 09:20:38,228 [Test worker] ?[1;31mERROR?[0;39m ?[36mJsonParsers?[0;39m - tokens remaining after parsing was complete; parser failure 
2019-03-29 09:20:38,229 [Test worker] ?[1;31mERROR?[0;39m ?[36mJsonParsers?[0;39m - tokens remaining after parsing was complete; parser failure 
2019-03-29 09:20:38,229 [Test worker] ?[1;31mERROR?[0;39m ?[36mJsonParsers?[0;39m - tokens remaining after parsing was complete; parser failure 
2019-03-29 09:20:38,230 [Test worker] ?[1;31mERROR?[0;39m ?[36mJsonParsers?[0;39m - tokens remaining after parsing was complete; parser failure 
]]></system-out>
  <system-err><![CDATA[]]></system-err>
</testsuite>
