<?xml version="1.0" encoding="UTF-8"?>
<testsuite name="edu.rice.prettypictures.GeneTreeTheories" tests="1" skipped="0" failures="0" errors="0" timestamp="2019-03-25T15:11:21" hostname="bunsen-honeydew.cs.rice.edu" time="0.08">
  <properties/>
  <testcase name="jsonConsistency()" classname="edu.rice.prettypictures.GeneTreeTheories" time="0.08"/>
  <system-out><![CDATA[]]></system-out>
  <system-err><![CDATA[]]></system-err>
</testsuite>
