<?xml version="1.0" encoding="UTF-8"?>
<testsuite name="edu.rice.week9lenses.Week9Lab" tests="1" skipped="0" failures="0" errors="0" timestamp="2019-03-25T15:11:20" hostname="bunsen-honeydew.cs.rice.edu" time="0.006">
  <properties/>
  <testcase name="testLenses()" classname="edu.rice.week9lenses.Week9Lab" time="0.006"/>
  <system-out><![CDATA[]]></system-out>
  <system-err><![CDATA[]]></system-err>
</testsuite>
