<?xml version="1.0" encoding="UTF-8"?>
<testsuite name="edu.rice.prettypictures.ExternalImageAllelesTest" tests="3" skipped="0" failures="0" errors="0" timestamp="2019-03-25T15:11:21" hostname="bunsen-honeydew.cs.rice.edu" time="0.044">
  <properties/>
  <testcase name="allImagesLoadedSuccessfully()" classname="edu.rice.prettypictures.ExternalImageAllelesTest" time="0.0"/>
  <testcase name="testMexicanCoatOfArms()" classname="edu.rice.prettypictures.ExternalImageAllelesTest" time="0.038"/>
  <testcase name="allImageCoordinatesDefined()" classname="edu.rice.prettypictures.ExternalImageAllelesTest" time="0.004"/>
  <system-out><![CDATA[]]></system-out>
  <system-err><![CDATA[]]></system-err>
</testsuite>
